{"/Users/dattasandeepchoragudi/html/WebstormProjects/Genesis/app.js": {"path":"/Users/dattasandeepchoragudi/html/WebstormProjects/Genesis/app.js","statementMap":{"0":{"start":{"line":2,"column":13},"end":{"line":2,"column":28}},"1":{"start":{"line":4,"column":16},"end":{"line":4,"column":34}},"2":{"start":{"line":5,"column":19},"end":{"line":5,"column":41}},"3":{"start":{"line":6,"column":17},"end":{"line":6,"column":36}},"4":{"start":{"line":7,"column":16},"end":{"line":7,"column":42}},"5":{"start":{"line":8,"column":21},"end":{"line":8,"column":64}},"6":{"start":{"line":9,"column":13},"end":{"line":9,"column":29}},"7":{"start":{"line":10,"column":14},"end":{"line":10,"column":38}},"8":{"start":{"line":11,"column":10},"end":{"line":11,"column":19}},"9":{"start":{"line":12,"column":0},"end":{"line":12,"column":30}},"10":{"start":{"line":13,"column":0},"end":{"line":13,"column":26}},"11":{"start":{"line":14,"column":0},"end":{"line":14,"column":27}},"12":{"start":{"line":15,"column":0},"end":{"line":15,"column":51}},"13":{"start":{"line":16,"column":0},"end":{"line":16,"column":34}},"14":{"start":{"line":17,"column":0},"end":{"line":17,"column":26}},"15":{"start":{"line":18,"column":17},"end":{"line":18,"column":43}},"16":{"start":{"line":19,"column":18},"end":{"line":19,"column":49}},"17":{"start":{"line":20,"column":13},"end":{"line":20,"column":37}},"18":{"start":{"line":21,"column":14},"end":{"line":21,"column":39}},"19":{"start":{"line":22,"column":17},"end":{"line":22,"column":45}},"20":{"start":{"line":23,"column":21},"end":{"line":23,"column":45}},"21":{"start":{"line":24,"column":13},"end":{"line":24,"column":28}},"22":{"start":{"line":25,"column":13},"end":{"line":25,"column":30}},"23":{"start":{"line":26,"column":11},"end":{"line":26,"column":24}},"24":{"start":{"line":28,"column":0},"end":{"line":28,"column":24}},"25":{"start":{"line":30,"column":0},"end":{"line":33,"column":4}},"26":{"start":{"line":35,"column":23},"end":{"line":40,"column":2}},"27":{"start":{"line":45,"column":14},"end":{"line":50,"column":2}},"28":{"start":{"line":52,"column":0},"end":{"line":59,"column":2}},"29":{"start":{"line":60,"column":24},"end":{"line":60,"column":96}},"30":{"start":{"line":61,"column":0},"end":{"line":61,"column":57}},"31":{"start":{"line":63,"column":0},"end":{"line":63,"column":17}},"32":{"start":{"line":70,"column":0},"end":{"line":70,"column":19}},"33":{"start":{"line":71,"column":0},"end":{"line":71,"column":20}},"34":{"start":{"line":73,"column":0},"end":{"line":103,"column":3}},"35":{"start":{"line":74,"column":4},"end":{"line":76,"column":5}},"36":{"start":{"line":75,"column":8},"end":{"line":75,"column":22}},"37":{"start":{"line":77,"column":4},"end":{"line":102,"column":5}},"38":{"start":{"line":79,"column":8},"end":{"line":84,"column":44}},"39":{"start":{"line":81,"column":16},"end":{"line":81,"column":32}},"40":{"start":{"line":82,"column":16},"end":{"line":82,"column":23}},"41":{"start":{"line":84,"column":26},"end":{"line":84,"column":42}},"42":{"start":{"line":85,"column":10},"end":{"line":102,"column":5}},"43":{"start":{"line":87,"column":8},"end":{"line":92,"column":44}},"44":{"start":{"line":89,"column":16},"end":{"line":89,"column":32}},"45":{"start":{"line":90,"column":16},"end":{"line":90,"column":23}},"46":{"start":{"line":92,"column":26},"end":{"line":92,"column":42}},"47":{"start":{"line":94,"column":9},"end":{"line":102,"column":5}},"48":{"start":{"line":96,"column":8},"end":{"line":101,"column":44}},"49":{"start":{"line":98,"column":16},"end":{"line":98,"column":32}},"50":{"start":{"line":99,"column":16},"end":{"line":99,"column":23}},"51":{"start":{"line":101,"column":26},"end":{"line":101,"column":42}},"52":{"start":{"line":104,"column":0},"end":{"line":108,"column":3}},"53":{"start":{"line":105,"column":4},"end":{"line":105,"column":56}},"54":{"start":{"line":107,"column":4},"end":{"line":107,"column":11}},"55":{"start":{"line":111,"column":0},"end":{"line":114,"column":2}},"56":{"start":{"line":112,"column":4},"end":{"line":112,"column":28}},"57":{"start":{"line":113,"column":4},"end":{"line":113,"column":44}},"58":{"start":{"line":116,"column":0},"end":{"line":118,"column":2}},"59":{"start":{"line":117,"column":4},"end":{"line":117,"column":29}},"60":{"start":{"line":120,"column":0},"end":{"line":128,"column":7}},"61":{"start":{"line":122,"column":8},"end":{"line":122,"column":25}},"62":{"start":{"line":126,"column":8},"end":{"line":126,"column":25}},"63":{"start":{"line":130,"column":0},"end":{"line":130,"column":18}}},"fnMap":{"0":{"name":"(anonymous_0)","decl":{"start":{"line":73,"column":8},"end":{"line":73,"column":9}},"loc":{"start":{"line":73,"column":28},"end":{"line":103,"column":1}},"line":73},"1":{"name":"(anonymous_1)","decl":{"start":{"line":80,"column":18},"end":{"line":80,"column":19}},"loc":{"start":{"line":80,"column":26},"end":{"line":83,"column":13}},"line":80},"2":{"name":"(anonymous_2)","decl":{"start":{"line":84,"column":19},"end":{"line":84,"column":20}},"loc":{"start":{"line":84,"column":26},"end":{"line":84,"column":42}},"line":84},"3":{"name":"(anonymous_3)","decl":{"start":{"line":88,"column":18},"end":{"line":88,"column":19}},"loc":{"start":{"line":88,"column":26},"end":{"line":91,"column":13}},"line":88},"4":{"name":"(anonymous_4)","decl":{"start":{"line":92,"column":19},"end":{"line":92,"column":20}},"loc":{"start":{"line":92,"column":26},"end":{"line":92,"column":42}},"line":92},"5":{"name":"(anonymous_5)","decl":{"start":{"line":97,"column":18},"end":{"line":97,"column":19}},"loc":{"start":{"line":97,"column":26},"end":{"line":100,"column":13}},"line":97},"6":{"name":"(anonymous_6)","decl":{"start":{"line":101,"column":19},"end":{"line":101,"column":20}},"loc":{"start":{"line":101,"column":26},"end":{"line":101,"column":42}},"line":101},"7":{"name":"(anonymous_7)","decl":{"start":{"line":104,"column":8},"end":{"line":104,"column":9}},"loc":{"start":{"line":104,"column":28},"end":{"line":108,"column":1}},"line":104},"8":{"name":"(anonymous_8)","decl":{"start":{"line":111,"column":8},"end":{"line":111,"column":9}},"loc":{"start":{"line":111,"column":33},"end":{"line":114,"column":1}},"line":111},"9":{"name":"(anonymous_9)","decl":{"start":{"line":116,"column":16},"end":{"line":116,"column":17}},"loc":{"start":{"line":116,"column":27},"end":{"line":118,"column":1}},"line":116},"10":{"name":"(anonymous_10)","decl":{"start":{"line":121,"column":10},"end":{"line":121,"column":11}},"loc":{"start":{"line":121,"column":20},"end":{"line":124,"column":5}},"line":121},"11":{"name":"(anonymous_11)","decl":{"start":{"line":125,"column":11},"end":{"line":125,"column":12}},"loc":{"start":{"line":125,"column":18},"end":{"line":128,"column":5}},"line":125}},"branchMap":{"0":{"loc":{"start":{"line":74,"column":4},"end":{"line":76,"column":5}},"type":"if","locations":[{"start":{"line":74,"column":4},"end":{"line":76,"column":5}},{"start":{},"end":{}}],"line":74},"1":{"loc":{"start":{"line":77,"column":4},"end":{"line":102,"column":5}},"type":"if","locations":[{"start":{"line":77,"column":4},"end":{"line":102,"column":5}},{"start":{"line":85,"column":10},"end":{"line":102,"column":5}}],"line":77},"2":{"loc":{"start":{"line":85,"column":10},"end":{"line":102,"column":5}},"type":"if","locations":[{"start":{"line":85,"column":10},"end":{"line":102,"column":5}},{"start":{"line":94,"column":9},"end":{"line":102,"column":5}}],"line":85},"3":{"loc":{"start":{"line":94,"column":9},"end":{"line":102,"column":5}},"type":"if","locations":[{"start":{"line":94,"column":9},"end":{"line":102,"column":5}},{"start":{},"end":{}}],"line":94}},"s":{"0":1,"1":1,"2":1,"3":1,"4":1,"5":1,"6":1,"7":1,"8":1,"9":1,"10":1,"11":1,"12":1,"13":1,"14":1,"15":1,"16":1,"17":1,"18":1,"19":1,"20":1,"21":1,"22":1,"23":1,"24":1,"25":1,"26":1,"27":1,"28":1,"29":1,"30":1,"31":1,"32":1,"33":1,"34":1,"35":0,"36":0,"37":0,"38":0,"39":0,"40":0,"41":0,"42":0,"43":0,"44":0,"45":0,"46":0,"47":0,"48":0,"49":0,"50":0,"51":0,"52":1,"53":0,"54":0,"55":1,"56":0,"57":0,"58":1,"59":0,"60":1,"61":0,"62":0,"63":1},"f":{"0":0,"1":0,"2":0,"3":0,"4":0,"5":0,"6":0,"7":0,"8":0,"9":0,"10":0,"11":0},"b":{"0":[0,0],"1":[0,0],"2":[0,0],"3":[0,0]},"_coverageSchema":"1a1c01bbd47fc00a2c39e90264f33305004495a9","hash":"d044dc92d32efa2ada8f3348faedafbd114355d6"}
,"/Users/dattasandeepchoragudi/html/WebstormProjects/Genesis/controllers/admin.js": {"path":"/Users/dattasandeepchoragudi/html/WebstormProjects/Genesis/controllers/admin.js","statementMap":{"0":{"start":{"line":2,"column":14},"end":{"line":2,"column":40}},"1":{"start":{"line":3,"column":14},"end":{"line":3,"column":41}},"2":{"start":{"line":5,"column":25},"end":{"line":5,"column":64}},"3":{"start":{"line":7,"column":11},"end":{"line":7,"column":36}},"4":{"start":{"line":8,"column":12},"end":{"line":8,"column":41}},"5":{"start":{"line":9,"column":13},"end":{"line":9,"column":40}},"6":{"start":{"line":10,"column":8},"end":{"line":10,"column":25}},"7":{"start":{"line":11,"column":23},"end":{"line":11,"column":60}},"8":{"start":{"line":12,"column":28},"end":{"line":12,"column":70}},"9":{"start":{"line":13,"column":19},"end":{"line":13,"column":40}},"10":{"start":{"line":14,"column":17},"end":{"line":14,"column":36}},"11":{"start":{"line":15,"column":26},"end":{"line":15,"column":28}},"12":{"start":{"line":16,"column":23},"end":{"line":16,"column":25}},"13":{"start":{"line":17,"column":21},"end":{"line":17,"column":23}},"14":{"start":{"line":21,"column":20},"end":{"line":30,"column":1}},"15":{"start":{"line":33,"column":0},"end":{"line":47,"column":1}},"16":{"start":{"line":35,"column":14},"end":{"line":35,"column":51}},"17":{"start":{"line":36,"column":14},"end":{"line":36,"column":67}},"18":{"start":{"line":37,"column":14},"end":{"line":37,"column":62}},"19":{"start":{"line":38,"column":14},"end":{"line":38,"column":64}},"20":{"start":{"line":40,"column":17},"end":{"line":45,"column":5}},"21":{"start":{"line":46,"column":4},"end":{"line":46,"column":19}},"22":{"start":{"line":49,"column":0},"end":{"line":58,"column":1}},"23":{"start":{"line":51,"column":4},"end":{"line":55,"column":6}},"24":{"start":{"line":54,"column":8},"end":{"line":54,"column":21}},"25":{"start":{"line":60,"column":0},"end":{"line":68,"column":1}},"26":{"start":{"line":61,"column":4},"end":{"line":61,"column":25}},"27":{"start":{"line":62,"column":4},"end":{"line":67,"column":6}},"28":{"start":{"line":63,"column":8},"end":{"line":63,"column":39}},"29":{"start":{"line":64,"column":8},"end":{"line":64,"column":24}},"30":{"start":{"line":66,"column":8},"end":{"line":66,"column":33}},"31":{"start":{"line":70,"column":0},"end":{"line":77,"column":1}},"32":{"start":{"line":72,"column":17},"end":{"line":72,"column":39}},"33":{"start":{"line":73,"column":4},"end":{"line":73,"column":31}},"34":{"start":{"line":79,"column":0},"end":{"line":94,"column":1}},"35":{"start":{"line":81,"column":17},"end":{"line":81,"column":33}},"36":{"start":{"line":82,"column":17},"end":{"line":82,"column":73}},"37":{"start":{"line":83,"column":4},"end":{"line":91,"column":10}},"38":{"start":{"line":85,"column":12},"end":{"line":85,"column":45}},"39":{"start":{"line":86,"column":12},"end":{"line":86,"column":57}},"40":{"start":{"line":90,"column":12},"end":{"line":90,"column":28}},"41":{"start":{"line":96,"column":0},"end":{"line":104,"column":1}},"42":{"start":{"line":97,"column":4},"end":{"line":97,"column":39}},"43":{"start":{"line":99,"column":4},"end":{"line":103,"column":6}},"44":{"start":{"line":102,"column":8},"end":{"line":102,"column":33}},"45":{"start":{"line":105,"column":0},"end":{"line":112,"column":1}},"46":{"start":{"line":106,"column":4},"end":{"line":106,"column":37}},"47":{"start":{"line":107,"column":4},"end":{"line":111,"column":6}},"48":{"start":{"line":110,"column":12},"end":{"line":110,"column":37}},"49":{"start":{"line":113,"column":0},"end":{"line":123,"column":1}},"50":{"start":{"line":114,"column":4},"end":{"line":114,"column":42}},"51":{"start":{"line":116,"column":4},"end":{"line":122,"column":6}},"52":{"start":{"line":119,"column":12},"end":{"line":119,"column":38}},"53":{"start":{"line":120,"column":12},"end":{"line":120,"column":32}},"54":{"start":{"line":121,"column":12},"end":{"line":121,"column":37}},"55":{"start":{"line":124,"column":0},"end":{"line":156,"column":1}},"56":{"start":{"line":125,"column":4},"end":{"line":125,"column":56}},"57":{"start":{"line":126,"column":4},"end":{"line":155,"column":6}},"58":{"start":{"line":127,"column":8},"end":{"line":127,"column":28}},"59":{"start":{"line":128,"column":8},"end":{"line":154,"column":10}},"60":{"start":{"line":158,"column":0},"end":{"line":191,"column":1}},"61":{"start":{"line":159,"column":4},"end":{"line":159,"column":54}},"62":{"start":{"line":161,"column":4},"end":{"line":190,"column":6}},"63":{"start":{"line":162,"column":8},"end":{"line":189,"column":10}},"64":{"start":{"line":192,"column":0},"end":{"line":231,"column":1}},"65":{"start":{"line":193,"column":4},"end":{"line":193,"column":59}},"66":{"start":{"line":194,"column":4},"end":{"line":194,"column":28}},"67":{"start":{"line":195,"column":4},"end":{"line":230,"column":6}},"68":{"start":{"line":197,"column":8},"end":{"line":197,"column":28}},"69":{"start":{"line":198,"column":8},"end":{"line":229,"column":10}},"70":{"start":{"line":233,"column":0},"end":{"line":274,"column":5}},"71":{"start":{"line":234,"column":4},"end":{"line":234,"column":35}},"72":{"start":{"line":235,"column":4},"end":{"line":235,"column":32}},"73":{"start":{"line":236,"column":4},"end":{"line":273,"column":5}},"74":{"start":{"line":237,"column":8},"end":{"line":266,"column":9}},"75":{"start":{"line":238,"column":12},"end":{"line":260,"column":17}},"76":{"start":{"line":240,"column":24},"end":{"line":240,"column":45}},"77":{"start":{"line":241,"column":37},"end":{"line":241,"column":39}},"78":{"start":{"line":242,"column":24},"end":{"line":251,"column":25}},"79":{"start":{"line":242,"column":37},"end":{"line":242,"column":38}},"80":{"start":{"line":243,"column":39},"end":{"line":243,"column":75}},"81":{"start":{"line":244,"column":39},"end":{"line":244,"column":103}},"82":{"start":{"line":245,"column":39},"end":{"line":245,"column":103}},"83":{"start":{"line":246,"column":28},"end":{"line":246,"column":55}},"84":{"start":{"line":247,"column":28},"end":{"line":250,"column":29}},"85":{"start":{"line":248,"column":32},"end":{"line":248,"column":49}},"86":{"start":{"line":249,"column":32},"end":{"line":249,"column":47}},"87":{"start":{"line":252,"column":20},"end":{"line":252,"column":34}},"88":{"start":{"line":262,"column":12},"end":{"line":265,"column":14}},"89":{"start":{"line":263,"column":16},"end":{"line":263,"column":30}},"90":{"start":{"line":267,"column":10},"end":{"line":273,"column":5}},"91":{"start":{"line":268,"column":20},"end":{"line":268,"column":22}},"92":{"start":{"line":269,"column":28},"end":{"line":269,"column":78}},"93":{"start":{"line":270,"column":8},"end":{"line":270,"column":32}},"94":{"start":{"line":271,"column":8},"end":{"line":271,"column":29}},"95":{"start":{"line":272,"column":8},"end":{"line":272,"column":21}},"96":{"start":{"line":276,"column":4},"end":{"line":278,"column":5}},"97":{"start":{"line":277,"column":8},"end":{"line":277,"column":35}},"98":{"start":{"line":279,"column":4},"end":{"line":279,"column":14}},"99":{"start":{"line":280,"column":4},"end":{"line":282,"column":5}},"100":{"start":{"line":281,"column":8},"end":{"line":281,"column":49}},"101":{"start":{"line":283,"column":4},"end":{"line":285,"column":5}},"102":{"start":{"line":284,"column":8},"end":{"line":284,"column":37}},"103":{"start":{"line":287,"column":4},"end":{"line":289,"column":5}},"104":{"start":{"line":288,"column":8},"end":{"line":288,"column":32}},"105":{"start":{"line":291,"column":4},"end":{"line":293,"column":5}},"106":{"start":{"line":292,"column":8},"end":{"line":292,"column":35}},"107":{"start":{"line":295,"column":4},"end":{"line":331,"column":5}},"108":{"start":{"line":296,"column":8},"end":{"line":296,"column":39}},"109":{"start":{"line":297,"column":8},"end":{"line":297,"column":36}},"110":{"start":{"line":298,"column":8},"end":{"line":330,"column":9}},"111":{"start":{"line":299,"column":12},"end":{"line":323,"column":13}},"112":{"start":{"line":300,"column":16},"end":{"line":317,"column":21}},"113":{"start":{"line":302,"column":28},"end":{"line":302,"column":49}},"114":{"start":{"line":303,"column":41},"end":{"line":303,"column":43}},"115":{"start":{"line":304,"column":28},"end":{"line":313,"column":29}},"116":{"start":{"line":304,"column":41},"end":{"line":304,"column":42}},"117":{"start":{"line":305,"column":43},"end":{"line":305,"column":79}},"118":{"start":{"line":306,"column":43},"end":{"line":306,"column":107}},"119":{"start":{"line":307,"column":43},"end":{"line":307,"column":107}},"120":{"start":{"line":308,"column":32},"end":{"line":308,"column":59}},"121":{"start":{"line":309,"column":32},"end":{"line":312,"column":33}},"122":{"start":{"line":310,"column":36},"end":{"line":310,"column":53}},"123":{"start":{"line":311,"column":36},"end":{"line":311,"column":51}},"124":{"start":{"line":314,"column":28},"end":{"line":314,"column":42}},"125":{"start":{"line":319,"column":16},"end":{"line":322,"column":18}},"126":{"start":{"line":320,"column":20},"end":{"line":320,"column":34}},"127":{"start":{"line":324,"column":14},"end":{"line":330,"column":9}},"128":{"start":{"line":325,"column":24},"end":{"line":325,"column":26}},"129":{"start":{"line":326,"column":32},"end":{"line":326,"column":80}},"130":{"start":{"line":327,"column":12},"end":{"line":327,"column":36}},"131":{"start":{"line":328,"column":12},"end":{"line":328,"column":33}},"132":{"start":{"line":329,"column":12},"end":{"line":329,"column":25}},"133":{"start":{"line":332,"column":4},"end":{"line":365,"column":5}},"134":{"start":{"line":333,"column":8},"end":{"line":333,"column":39}},"135":{"start":{"line":334,"column":8},"end":{"line":334,"column":36}},"136":{"start":{"line":335,"column":0},"end":{"line":364,"column":1}},"137":{"start":{"line":336,"column":4},"end":{"line":358,"column":5}},"138":{"start":{"line":337,"column":8},"end":{"line":337,"column":33}},"139":{"start":{"line":338,"column":18},"end":{"line":338,"column":38}},"140":{"start":{"line":339,"column":8},"end":{"line":351,"column":9}},"141":{"start":{"line":340,"column":25},"end":{"line":340,"column":27}},"142":{"start":{"line":341,"column":12},"end":{"line":349,"column":13}},"143":{"start":{"line":341,"column":25},"end":{"line":341,"column":26}},"144":{"start":{"line":342,"column":27},"end":{"line":342,"column":36}},"145":{"start":{"line":343,"column":27},"end":{"line":343,"column":50}},"146":{"start":{"line":344,"column":27},"end":{"line":344,"column":50}},"147":{"start":{"line":345,"column":16},"end":{"line":348,"column":17}},"148":{"start":{"line":346,"column":20},"end":{"line":346,"column":37}},"149":{"start":{"line":347,"column":20},"end":{"line":347,"column":35}},"150":{"start":{"line":350,"column":12},"end":{"line":350,"column":26}},"151":{"start":{"line":353,"column":8},"end":{"line":353,"column":35}},"152":{"start":{"line":354,"column":24},"end":{"line":354,"column":58}},"153":{"start":{"line":355,"column":8},"end":{"line":355,"column":25}},"154":{"start":{"line":359,"column":6},"end":{"line":364,"column":1}},"155":{"start":{"line":360,"column":16},"end":{"line":360,"column":18}},"156":{"start":{"line":361,"column":24},"end":{"line":361,"column":61}},"157":{"start":{"line":362,"column":4},"end":{"line":362,"column":25}},"158":{"start":{"line":363,"column":4},"end":{"line":363,"column":17}},"159":{"start":{"line":366,"column":4},"end":{"line":411,"column":9}},"160":{"start":{"line":367,"column":12},"end":{"line":367,"column":43}},"161":{"start":{"line":368,"column":12},"end":{"line":368,"column":40}},"162":{"start":{"line":369,"column":12},"end":{"line":406,"column":13}},"163":{"start":{"line":370,"column":16},"end":{"line":399,"column":17}},"164":{"start":{"line":371,"column":20},"end":{"line":393,"column":25}},"165":{"start":{"line":373,"column":32},"end":{"line":373,"column":53}},"166":{"start":{"line":374,"column":45},"end":{"line":374,"column":47}},"167":{"start":{"line":375,"column":32},"end":{"line":384,"column":33}},"168":{"start":{"line":375,"column":45},"end":{"line":375,"column":46}},"169":{"start":{"line":376,"column":47},"end":{"line":376,"column":83}},"170":{"start":{"line":377,"column":47},"end":{"line":377,"column":111}},"171":{"start":{"line":378,"column":47},"end":{"line":378,"column":111}},"172":{"start":{"line":379,"column":36},"end":{"line":379,"column":63}},"173":{"start":{"line":380,"column":36},"end":{"line":383,"column":37}},"174":{"start":{"line":381,"column":40},"end":{"line":381,"column":57}},"175":{"start":{"line":382,"column":40},"end":{"line":382,"column":55}},"176":{"start":{"line":385,"column":28},"end":{"line":385,"column":42}},"177":{"start":{"line":395,"column":20},"end":{"line":398,"column":22}},"178":{"start":{"line":396,"column":24},"end":{"line":396,"column":38}},"179":{"start":{"line":400,"column":18},"end":{"line":406,"column":13}},"180":{"start":{"line":401,"column":28},"end":{"line":401,"column":30}},"181":{"start":{"line":402,"column":36},"end":{"line":402,"column":89}},"182":{"start":{"line":404,"column":16},"end":{"line":404,"column":37}},"183":{"start":{"line":405,"column":16},"end":{"line":405,"column":29}},"184":{"start":{"line":413,"column":8},"end":{"line":473,"column":1}},"185":{"start":{"line":414,"column":26},"end":{"line":414,"column":58}},"186":{"start":{"line":417,"column":9},"end":{"line":417,"column":47}},"187":{"start":{"line":418,"column":12},"end":{"line":418,"column":33}},"188":{"start":{"line":419,"column":19},"end":{"line":437,"column":6}},"189":{"start":{"line":438,"column":20},"end":{"line":438,"column":57}},"190":{"start":{"line":440,"column":18},"end":{"line":440,"column":31}},"191":{"start":{"line":441,"column":17},"end":{"line":441,"column":29}},"192":{"start":{"line":442,"column":4},"end":{"line":472,"column":5}},"193":{"start":{"line":444,"column":8},"end":{"line":444,"column":28}},"194":{"start":{"line":445,"column":8},"end":{"line":445,"column":162}},"195":{"start":{"line":447,"column":7},"end":{"line":459,"column":10}},"196":{"start":{"line":449,"column":12},"end":{"line":449,"column":57}},"197":{"start":{"line":450,"column":12},"end":{"line":455,"column":15}},"198":{"start":{"line":457,"column":11},"end":{"line":457,"column":57}},"199":{"start":{"line":462,"column":8},"end":{"line":470,"column":10}},"200":{"start":{"line":463,"column":12},"end":{"line":468,"column":15}},"201":{"start":{"line":469,"column":12},"end":{"line":469,"column":58}},"202":{"start":{"line":479,"column":0},"end":{"line":542,"column":1}},"203":{"start":{"line":480,"column":19},"end":{"line":480,"column":57}},"204":{"start":{"line":483,"column":4},"end":{"line":483,"column":37}},"205":{"start":{"line":484,"column":4},"end":{"line":484,"column":55}},"206":{"start":{"line":486,"column":19},"end":{"line":505,"column":6}},"207":{"start":{"line":506,"column":20},"end":{"line":506,"column":57}},"208":{"start":{"line":508,"column":18},"end":{"line":508,"column":31}},"209":{"start":{"line":509,"column":17},"end":{"line":509,"column":29}},"210":{"start":{"line":510,"column":4},"end":{"line":510,"column":44}},"211":{"start":{"line":511,"column":4},"end":{"line":541,"column":5}},"212":{"start":{"line":512,"column":8},"end":{"line":512,"column":28}},"213":{"start":{"line":513,"column":8},"end":{"line":516,"column":10}},"214":{"start":{"line":518,"column":7},"end":{"line":529,"column":10}},"215":{"start":{"line":520,"column":12},"end":{"line":520,"column":57}},"216":{"start":{"line":521,"column":12},"end":{"line":526,"column":15}},"217":{"start":{"line":527,"column":11},"end":{"line":527,"column":57}},"218":{"start":{"line":531,"column":8},"end":{"line":540,"column":10}},"219":{"start":{"line":532,"column":12},"end":{"line":537,"column":15}},"220":{"start":{"line":538,"column":12},"end":{"line":538,"column":58}},"221":{"start":{"line":543,"column":0},"end":{"line":611,"column":1}},"222":{"start":{"line":544,"column":19},"end":{"line":544,"column":57}},"223":{"start":{"line":547,"column":4},"end":{"line":547,"column":39}},"224":{"start":{"line":548,"column":4},"end":{"line":548,"column":55}},"225":{"start":{"line":551,"column":19},"end":{"line":570,"column":6}},"226":{"start":{"line":571,"column":20},"end":{"line":571,"column":57}},"227":{"start":{"line":573,"column":18},"end":{"line":573,"column":31}},"228":{"start":{"line":574,"column":17},"end":{"line":574,"column":29}},"229":{"start":{"line":575,"column":4},"end":{"line":575,"column":44}},"230":{"start":{"line":576,"column":4},"end":{"line":610,"column":5}},"231":{"start":{"line":577,"column":8},"end":{"line":577,"column":22}},"232":{"start":{"line":578,"column":8},"end":{"line":583,"column":10}},"233":{"start":{"line":582,"column":12},"end":{"line":582,"column":58}},"234":{"start":{"line":585,"column":7},"end":{"line":595,"column":10}},"235":{"start":{"line":587,"column":12},"end":{"line":587,"column":57}},"236":{"start":{"line":588,"column":12},"end":{"line":593,"column":15}},"237":{"start":{"line":597,"column":8},"end":{"line":597,"column":35}},"238":{"start":{"line":599,"column":8},"end":{"line":608,"column":10}},"239":{"start":{"line":600,"column":12},"end":{"line":600,"column":42}},"240":{"start":{"line":601,"column":12},"end":{"line":606,"column":15}},"241":{"start":{"line":607,"column":12},"end":{"line":607,"column":58}},"242":{"start":{"line":612,"column":8},"end":{"line":615,"column":9}},"243":{"start":{"line":613,"column":12},"end":{"line":613,"column":41}},"244":{"start":{"line":614,"column":12},"end":{"line":614,"column":87}},"245":{"start":{"line":618,"column":8},"end":{"line":621,"column":9}},"246":{"start":{"line":619,"column":25},"end":{"line":619,"column":60}},"247":{"start":{"line":620,"column":12},"end":{"line":620,"column":38}},"248":{"start":{"line":623,"column":8},"end":{"line":628,"column":9}},"249":{"start":{"line":624,"column":23},"end":{"line":624,"column":36}},"250":{"start":{"line":625,"column":26},"end":{"line":625,"column":50}},"251":{"start":{"line":626,"column":12},"end":{"line":626,"column":30}},"252":{"start":{"line":627,"column":12},"end":{"line":627,"column":66}},"253":{"start":{"line":630,"column":8},"end":{"line":646,"column":9}},"254":{"start":{"line":631,"column":23},"end":{"line":631,"column":36}},"255":{"start":{"line":632,"column":12},"end":{"line":632,"column":62}},"256":{"start":{"line":633,"column":16},"end":{"line":645,"column":14}},"257":{"start":{"line":634,"column":16},"end":{"line":634,"column":46}},"258":{"start":{"line":635,"column":20},"end":{"line":635,"column":34}},"259":{"start":{"line":636,"column":29},"end":{"line":636,"column":54}},"260":{"start":{"line":637,"column":16},"end":{"line":637,"column":36}},"261":{"start":{"line":638,"column":16},"end":{"line":643,"column":19}},"262":{"start":{"line":644,"column":16},"end":{"line":644,"column":51}},"263":{"start":{"line":648,"column":0},"end":{"line":651,"column":1}},"264":{"start":{"line":649,"column":18},"end":{"line":649,"column":37}},"265":{"start":{"line":650,"column":4},"end":{"line":650,"column":39}},"266":{"start":{"line":653,"column":0},"end":{"line":684,"column":1}},"267":{"start":{"line":654,"column":17},"end":{"line":654,"column":36}},"268":{"start":{"line":655,"column":19},"end":{"line":655,"column":34}},"269":{"start":{"line":656,"column":4},"end":{"line":682,"column":5}},"270":{"start":{"line":657,"column":12},"end":{"line":674,"column":17}},"271":{"start":{"line":659,"column":37},"end":{"line":659,"column":39}},"272":{"start":{"line":660,"column":24},"end":{"line":669,"column":25}},"273":{"start":{"line":660,"column":37},"end":{"line":660,"column":38}},"274":{"start":{"line":661,"column":39},"end":{"line":661,"column":48}},"275":{"start":{"line":662,"column":39},"end":{"line":662,"column":62}},"276":{"start":{"line":663,"column":39},"end":{"line":663,"column":62}},"277":{"start":{"line":664,"column":28},"end":{"line":664,"column":55}},"278":{"start":{"line":665,"column":28},"end":{"line":668,"column":29}},"279":{"start":{"line":666,"column":32},"end":{"line":666,"column":49}},"280":{"start":{"line":667,"column":32},"end":{"line":667,"column":47}},"281":{"start":{"line":670,"column":24},"end":{"line":670,"column":60}},"282":{"start":{"line":676,"column":11},"end":{"line":682,"column":5}},"283":{"start":{"line":677,"column":20},"end":{"line":677,"column":22}},"284":{"start":{"line":678,"column":28},"end":{"line":678,"column":64}},"285":{"start":{"line":680,"column":8},"end":{"line":680,"column":29}},"286":{"start":{"line":681,"column":8},"end":{"line":681,"column":43}},"287":{"start":{"line":686,"column":0},"end":{"line":691,"column":1}},"288":{"start":{"line":687,"column":15},"end":{"line":687,"column":28}},"289":{"start":{"line":688,"column":17},"end":{"line":688,"column":40}},"290":{"start":{"line":689,"column":4},"end":{"line":689,"column":50}},"291":{"start":{"line":694,"column":0},"end":{"line":700,"column":1}},"292":{"start":{"line":696,"column":15},"end":{"line":696,"column":28}},"293":{"start":{"line":697,"column":19},"end":{"line":697,"column":50}},"294":{"start":{"line":698,"column":4},"end":{"line":698,"column":39}},"295":{"start":{"line":702,"column":0},"end":{"line":706,"column":1}},"296":{"start":{"line":703,"column":17},"end":{"line":703,"column":44}},"297":{"start":{"line":705,"column":4},"end":{"line":705,"column":43}},"298":{"start":{"line":708,"column":0},"end":{"line":741,"column":1}},"299":{"start":{"line":709,"column":4},"end":{"line":709,"column":42}},"300":{"start":{"line":710,"column":15},"end":{"line":710,"column":34}},"301":{"start":{"line":711,"column":23},"end":{"line":711,"column":38}},"302":{"start":{"line":714,"column":4},"end":{"line":736,"column":5}},"303":{"start":{"line":715,"column":21},"end":{"line":715,"column":60}},"304":{"start":{"line":716,"column":8},"end":{"line":716,"column":47}},"305":{"start":{"line":718,"column":9},"end":{"line":736,"column":5}},"306":{"start":{"line":720,"column":19},"end":{"line":720,"column":46}},"307":{"start":{"line":721,"column":19},"end":{"line":721,"column":21}},"308":{"start":{"line":722,"column":19},"end":{"line":722,"column":29}},"309":{"start":{"line":723,"column":19},"end":{"line":723,"column":43}},"310":{"start":{"line":724,"column":19},"end":{"line":724,"column":43}},"311":{"start":{"line":725,"column":8},"end":{"line":725,"column":35}},"312":{"start":{"line":726,"column":8},"end":{"line":732,"column":9}},"313":{"start":{"line":726,"column":18},"end":{"line":726,"column":19}},"314":{"start":{"line":727,"column":12},"end":{"line":727,"column":52}},"315":{"start":{"line":728,"column":12},"end":{"line":731,"column":13}},"316":{"start":{"line":729,"column":16},"end":{"line":729,"column":36}},"317":{"start":{"line":730,"column":16},"end":{"line":730,"column":34}},"318":{"start":{"line":733,"column":8},"end":{"line":733,"column":25}},"319":{"start":{"line":734,"column":8},"end":{"line":734,"column":47}},"320":{"start":{"line":744,"column":0},"end":{"line":750,"column":1}},"321":{"start":{"line":746,"column":15},"end":{"line":746,"column":26}},"322":{"start":{"line":748,"column":4},"end":{"line":748,"column":39}},"323":{"start":{"line":749,"column":4},"end":{"line":749,"column":60}},"324":{"start":{"line":752,"column":0},"end":{"line":768,"column":1}},"325":{"start":{"line":754,"column":27},"end":{"line":754,"column":35}},"326":{"start":{"line":758,"column":4},"end":{"line":758,"column":39}},"327":{"start":{"line":759,"column":2},"end":{"line":764,"column":7}},"328":{"start":{"line":766,"column":4},"end":{"line":766,"column":61}},"329":{"start":{"line":770,"column":0},"end":{"line":784,"column":2}},"330":{"start":{"line":771,"column":4},"end":{"line":783,"column":5}},"331":{"start":{"line":772,"column":22},"end":{"line":772,"column":36}},"332":{"start":{"line":773,"column":22},"end":{"line":773,"column":55}},"333":{"start":{"line":775,"column":8},"end":{"line":779,"column":9}},"334":{"start":{"line":776,"column":12},"end":{"line":776,"column":40}},"335":{"start":{"line":778,"column":12},"end":{"line":778,"column":64}},"336":{"start":{"line":781,"column":8},"end":{"line":781,"column":61}},"337":{"start":{"line":782,"column":8},"end":{"line":782,"column":67}},"338":{"start":{"line":786,"column":0},"end":{"line":802,"column":2}},"339":{"start":{"line":787,"column":4},"end":{"line":801,"column":5}},"340":{"start":{"line":788,"column":25},"end":{"line":788,"column":42}},"341":{"start":{"line":789,"column":31},"end":{"line":796,"column":11}},"342":{"start":{"line":789,"column":53},"end":{"line":796,"column":9}},"343":{"start":{"line":797,"column":8},"end":{"line":797,"column":45}},"344":{"start":{"line":799,"column":8},"end":{"line":799,"column":54}},"345":{"start":{"line":800,"column":8},"end":{"line":800,"column":89}}},"fnMap":{"0":{"name":"(anonymous_0)","decl":{"start":{"line":33,"column":16},"end":{"line":33,"column":17}},"loc":{"start":{"line":33,"column":36},"end":{"line":47,"column":1}},"line":33},"1":{"name":"(anonymous_1)","decl":{"start":{"line":49,"column":25},"end":{"line":49,"column":26}},"loc":{"start":{"line":49,"column":41},"end":{"line":58,"column":1}},"line":49},"2":{"name":"(anonymous_2)","decl":{"start":{"line":51,"column":47},"end":{"line":51,"column":48}},"loc":{"start":{"line":51,"column":52},"end":{"line":55,"column":5}},"line":51},"3":{"name":"(anonymous_3)","decl":{"start":{"line":60,"column":34},"end":{"line":60,"column":35}},"loc":{"start":{"line":60,"column":50},"end":{"line":68,"column":1}},"line":60},"4":{"name":"(anonymous_4)","decl":{"start":{"line":62,"column":66},"end":{"line":62,"column":67}},"loc":{"start":{"line":62,"column":71},"end":{"line":67,"column":5}},"line":62},"5":{"name":"(anonymous_5)","decl":{"start":{"line":70,"column":19},"end":{"line":70,"column":20}},"loc":{"start":{"line":70,"column":45},"end":{"line":77,"column":1}},"line":70},"6":{"name":"(anonymous_6)","decl":{"start":{"line":79,"column":19},"end":{"line":79,"column":20}},"loc":{"start":{"line":79,"column":35},"end":{"line":94,"column":1}},"line":79},"7":{"name":"(anonymous_7)","decl":{"start":{"line":84,"column":14},"end":{"line":84,"column":15}},"loc":{"start":{"line":84,"column":21},"end":{"line":88,"column":9}},"line":84},"8":{"name":"(anonymous_8)","decl":{"start":{"line":89,"column":15},"end":{"line":89,"column":16}},"loc":{"start":{"line":89,"column":20},"end":{"line":91,"column":9}},"line":89},"9":{"name":"(anonymous_9)","decl":{"start":{"line":96,"column":30},"end":{"line":96,"column":31}},"loc":{"start":{"line":96,"column":46},"end":{"line":104,"column":1}},"line":96},"10":{"name":"(anonymous_10)","decl":{"start":{"line":101,"column":20},"end":{"line":101,"column":21}},"loc":{"start":{"line":101,"column":25},"end":{"line":103,"column":5}},"line":101},"11":{"name":"(anonymous_11)","decl":{"start":{"line":105,"column":28},"end":{"line":105,"column":29}},"loc":{"start":{"line":105,"column":44},"end":{"line":112,"column":1}},"line":105},"12":{"name":"(anonymous_12)","decl":{"start":{"line":109,"column":20},"end":{"line":109,"column":21}},"loc":{"start":{"line":109,"column":25},"end":{"line":111,"column":5}},"line":109},"13":{"name":"(anonymous_13)","decl":{"start":{"line":113,"column":33},"end":{"line":113,"column":34}},"loc":{"start":{"line":113,"column":49},"end":{"line":123,"column":1}},"line":113},"14":{"name":"(anonymous_14)","decl":{"start":{"line":118,"column":20},"end":{"line":118,"column":21}},"loc":{"start":{"line":118,"column":25},"end":{"line":122,"column":5}},"line":118},"15":{"name":"(anonymous_15)","decl":{"start":{"line":124,"column":39},"end":{"line":124,"column":40}},"loc":{"start":{"line":124,"column":55},"end":{"line":156,"column":1}},"line":124},"16":{"name":"(anonymous_16)","decl":{"start":{"line":126,"column":53},"end":{"line":126,"column":54}},"loc":{"start":{"line":126,"column":58},"end":{"line":155,"column":5}},"line":126},"17":{"name":"(anonymous_17)","decl":{"start":{"line":158,"column":37},"end":{"line":158,"column":38}},"loc":{"start":{"line":158,"column":53},"end":{"line":191,"column":1}},"line":158},"18":{"name":"(anonymous_18)","decl":{"start":{"line":161,"column":51},"end":{"line":161,"column":52}},"loc":{"start":{"line":161,"column":56},"end":{"line":190,"column":5}},"line":161},"19":{"name":"(anonymous_19)","decl":{"start":{"line":192,"column":42},"end":{"line":192,"column":43}},"loc":{"start":{"line":192,"column":58},"end":{"line":231,"column":1}},"line":192},"20":{"name":"(anonymous_20)","decl":{"start":{"line":195,"column":56},"end":{"line":195,"column":57}},"loc":{"start":{"line":195,"column":61},"end":{"line":230,"column":5}},"line":195},"21":{"name":"(anonymous_21)","decl":{"start":{"line":233,"column":36},"end":{"line":233,"column":37}},"loc":{"start":{"line":233,"column":62},"end":{"line":274,"column":5}},"line":233},"22":{"name":"(anonymous_22)","decl":{"start":{"line":239,"column":22},"end":{"line":239,"column":23}},"loc":{"start":{"line":239,"column":33},"end":{"line":259,"column":21}},"line":239},"23":{"name":"(anonymous_23)","decl":{"start":{"line":262,"column":98},"end":{"line":262,"column":99}},"loc":{"start":{"line":262,"column":106},"end":{"line":265,"column":13}},"line":262},"24":{"name":"(anonymous_24)","decl":{"start":{"line":276,"column":25},"end":{"line":276,"column":26}},"loc":{"start":{"line":276,"column":45},"end":{"line":278,"column":5}},"line":276},"25":{"name":"(anonymous_25)","decl":{"start":{"line":280,"column":26},"end":{"line":280,"column":27}},"loc":{"start":{"line":280,"column":46},"end":{"line":282,"column":5}},"line":280},"26":{"name":"(anonymous_26)","decl":{"start":{"line":283,"column":33},"end":{"line":283,"column":34}},"loc":{"start":{"line":283,"column":53},"end":{"line":285,"column":5}},"line":283},"27":{"name":"(anonymous_27)","decl":{"start":{"line":287,"column":27},"end":{"line":287,"column":28}},"loc":{"start":{"line":287,"column":47},"end":{"line":289,"column":5}},"line":287},"28":{"name":"(anonymous_28)","decl":{"start":{"line":291,"column":30},"end":{"line":291,"column":31}},"loc":{"start":{"line":291,"column":50},"end":{"line":293,"column":5}},"line":291},"29":{"name":"(anonymous_29)","decl":{"start":{"line":295,"column":40},"end":{"line":295,"column":41}},"loc":{"start":{"line":295,"column":66},"end":{"line":331,"column":5}},"line":295},"30":{"name":"(anonymous_30)","decl":{"start":{"line":301,"column":26},"end":{"line":301,"column":27}},"loc":{"start":{"line":301,"column":37},"end":{"line":316,"column":25}},"line":301},"31":{"name":"(anonymous_31)","decl":{"start":{"line":319,"column":100},"end":{"line":319,"column":101}},"loc":{"start":{"line":319,"column":108},"end":{"line":322,"column":17}},"line":319},"32":{"name":"(anonymous_32)","decl":{"start":{"line":332,"column":41},"end":{"line":332,"column":42}},"loc":{"start":{"line":332,"column":67},"end":{"line":365,"column":5}},"line":332},"33":{"name":"(anonymous_33)","decl":{"start":{"line":366,"column":45},"end":{"line":366,"column":46}},"loc":{"start":{"line":366,"column":71},"end":{"line":411,"column":9}},"line":366},"34":{"name":"(anonymous_34)","decl":{"start":{"line":372,"column":30},"end":{"line":372,"column":31}},"loc":{"start":{"line":372,"column":41},"end":{"line":392,"column":29}},"line":372},"35":{"name":"(anonymous_35)","decl":{"start":{"line":395,"column":109},"end":{"line":395,"column":110}},"loc":{"start":{"line":395,"column":117},"end":{"line":398,"column":21}},"line":395},"36":{"name":"(anonymous_36)","decl":{"start":{"line":413,"column":32},"end":{"line":413,"column":33}},"loc":{"start":{"line":413,"column":58},"end":{"line":473,"column":1}},"line":413},"37":{"name":"(anonymous_37)","decl":{"start":{"line":447,"column":94},"end":{"line":447,"column":95}},"loc":{"start":{"line":447,"column":101},"end":{"line":459,"column":9}},"line":447},"38":{"name":"(anonymous_38)","decl":{"start":{"line":462,"column":75},"end":{"line":462,"column":76}},"loc":{"start":{"line":462,"column":81},"end":{"line":470,"column":9}},"line":462},"39":{"name":"(anonymous_39)","decl":{"start":{"line":479,"column":19},"end":{"line":479,"column":20}},"loc":{"start":{"line":479,"column":45},"end":{"line":542,"column":1}},"line":479},"40":{"name":"(anonymous_40)","decl":{"start":{"line":518,"column":94},"end":{"line":518,"column":95}},"loc":{"start":{"line":518,"column":101},"end":{"line":529,"column":9}},"line":518},"41":{"name":"(anonymous_41)","decl":{"start":{"line":531,"column":70},"end":{"line":531,"column":71}},"loc":{"start":{"line":531,"column":76},"end":{"line":540,"column":9}},"line":531},"42":{"name":"(anonymous_42)","decl":{"start":{"line":543,"column":23},"end":{"line":543,"column":24}},"loc":{"start":{"line":543,"column":49},"end":{"line":611,"column":1}},"line":543},"43":{"name":"(anonymous_43)","decl":{"start":{"line":581,"column":16},"end":{"line":581,"column":17}},"loc":{"start":{"line":581,"column":20},"end":{"line":583,"column":9}},"line":581},"44":{"name":"(anonymous_44)","decl":{"start":{"line":585,"column":94},"end":{"line":585,"column":95}},"loc":{"start":{"line":585,"column":101},"end":{"line":595,"column":9}},"line":585},"45":{"name":"(anonymous_45)","decl":{"start":{"line":599,"column":72},"end":{"line":599,"column":73}},"loc":{"start":{"line":599,"column":78},"end":{"line":608,"column":9}},"line":599},"46":{"name":"(anonymous_46)","decl":{"start":{"line":612,"column":32},"end":{"line":612,"column":33}},"loc":{"start":{"line":612,"column":52},"end":{"line":615,"column":9}},"line":612},"47":{"name":"(anonymous_47)","decl":{"start":{"line":618,"column":39},"end":{"line":618,"column":40}},"loc":{"start":{"line":618,"column":65},"end":{"line":621,"column":9}},"line":618},"48":{"name":"(anonymous_48)","decl":{"start":{"line":623,"column":48},"end":{"line":623,"column":49}},"loc":{"start":{"line":623,"column":74},"end":{"line":628,"column":9}},"line":623},"49":{"name":"(anonymous_49)","decl":{"start":{"line":630,"column":30},"end":{"line":630,"column":31}},"loc":{"start":{"line":630,"column":56},"end":{"line":646,"column":9}},"line":630},"50":{"name":"(anonymous_50)","decl":{"start":{"line":633,"column":46},"end":{"line":633,"column":47}},"loc":{"start":{"line":633,"column":51},"end":{"line":645,"column":13}},"line":633},"51":{"name":"(anonymous_51)","decl":{"start":{"line":648,"column":20},"end":{"line":648,"column":21}},"loc":{"start":{"line":648,"column":46},"end":{"line":651,"column":1}},"line":648},"52":{"name":"(anonymous_52)","decl":{"start":{"line":653,"column":20},"end":{"line":653,"column":21}},"loc":{"start":{"line":653,"column":46},"end":{"line":684,"column":1}},"line":653},"53":{"name":"(anonymous_53)","decl":{"start":{"line":658,"column":22},"end":{"line":658,"column":23}},"loc":{"start":{"line":658,"column":33},"end":{"line":673,"column":21}},"line":658},"54":{"name":"(anonymous_54)","decl":{"start":{"line":686,"column":26},"end":{"line":686,"column":27}},"loc":{"start":{"line":686,"column":52},"end":{"line":691,"column":1}},"line":686},"55":{"name":"(anonymous_55)","decl":{"start":{"line":694,"column":25},"end":{"line":694,"column":26}},"loc":{"start":{"line":694,"column":51},"end":{"line":700,"column":1}},"line":694},"56":{"name":"(anonymous_56)","decl":{"start":{"line":702,"column":23},"end":{"line":702,"column":24}},"loc":{"start":{"line":702,"column":49},"end":{"line":706,"column":1}},"line":702},"57":{"name":"(anonymous_57)","decl":{"start":{"line":708,"column":23},"end":{"line":708,"column":24}},"loc":{"start":{"line":708,"column":49},"end":{"line":741,"column":1}},"line":708},"58":{"name":"(anonymous_58)","decl":{"start":{"line":744,"column":20},"end":{"line":744,"column":21}},"loc":{"start":{"line":744,"column":46},"end":{"line":750,"column":1}},"line":744},"59":{"name":"(anonymous_59)","decl":{"start":{"line":752,"column":21},"end":{"line":752,"column":22}},"loc":{"start":{"line":752,"column":47},"end":{"line":768,"column":1}},"line":752},"60":{"name":"(anonymous_60)","decl":{"start":{"line":770,"column":28},"end":{"line":770,"column":29}},"loc":{"start":{"line":770,"column":54},"end":{"line":784,"column":1}},"line":770},"61":{"name":"(anonymous_61)","decl":{"start":{"line":786,"column":19},"end":{"line":786,"column":20}},"loc":{"start":{"line":786,"column":39},"end":{"line":802,"column":1}},"line":786},"62":{"name":"(anonymous_62)","decl":{"start":{"line":789,"column":44},"end":{"line":789,"column":45}},"loc":{"start":{"line":789,"column":53},"end":{"line":796,"column":9}},"line":789}},"branchMap":{"0":{"loc":{"start":{"line":236,"column":4},"end":{"line":273,"column":5}},"type":"if","locations":[{"start":{"line":236,"column":4},"end":{"line":273,"column":5}},{"start":{"line":267,"column":10},"end":{"line":273,"column":5}}],"line":236},"1":{"loc":{"start":{"line":237,"column":8},"end":{"line":266,"column":9}},"type":"if","locations":[{"start":{"line":237,"column":8},"end":{"line":266,"column":9}},{"start":{"line":261,"column":15},"end":{"line":266,"column":9}}],"line":237},"2":{"loc":{"start":{"line":247,"column":28},"end":{"line":250,"column":29}},"type":"if","locations":[{"start":{"line":247,"column":28},"end":{"line":250,"column":29}},{"start":{},"end":{}}],"line":247},"3":{"loc":{"start":{"line":247,"column":32},"end":{"line":247,"column":130}},"type":"binary-expr","locations":[{"start":{"line":247,"column":32},"end":{"line":247,"column":62}},{"start":{"line":247,"column":66},"end":{"line":247,"column":96}},{"start":{"line":247,"column":100},"end":{"line":247,"column":130}}],"line":247},"4":{"loc":{"start":{"line":267,"column":10},"end":{"line":273,"column":5}},"type":"if","locations":[{"start":{"line":267,"column":10},"end":{"line":273,"column":5}},{"start":{},"end":{}}],"line":267},"5":{"loc":{"start":{"line":298,"column":8},"end":{"line":330,"column":9}},"type":"if","locations":[{"start":{"line":298,"column":8},"end":{"line":330,"column":9}},{"start":{"line":324,"column":14},"end":{"line":330,"column":9}}],"line":298},"6":{"loc":{"start":{"line":299,"column":12},"end":{"line":323,"column":13}},"type":"if","locations":[{"start":{"line":299,"column":12},"end":{"line":323,"column":13}},{"start":{"line":318,"column":19},"end":{"line":323,"column":13}}],"line":299},"7":{"loc":{"start":{"line":309,"column":32},"end":{"line":312,"column":33}},"type":"if","locations":[{"start":{"line":309,"column":32},"end":{"line":312,"column":33}},{"start":{},"end":{}}],"line":309},"8":{"loc":{"start":{"line":309,"column":36},"end":{"line":309,"column":134}},"type":"binary-expr","locations":[{"start":{"line":309,"column":36},"end":{"line":309,"column":66}},{"start":{"line":309,"column":70},"end":{"line":309,"column":100}},{"start":{"line":309,"column":104},"end":{"line":309,"column":134}}],"line":309},"9":{"loc":{"start":{"line":324,"column":14},"end":{"line":330,"column":9}},"type":"if","locations":[{"start":{"line":324,"column":14},"end":{"line":330,"column":9}},{"start":{},"end":{}}],"line":324},"10":{"loc":{"start":{"line":335,"column":0},"end":{"line":364,"column":1}},"type":"if","locations":[{"start":{"line":335,"column":0},"end":{"line":364,"column":1}},{"start":{"line":359,"column":6},"end":{"line":364,"column":1}}],"line":335},"11":{"loc":{"start":{"line":336,"column":4},"end":{"line":358,"column":5}},"type":"if","locations":[{"start":{"line":336,"column":4},"end":{"line":358,"column":5}},{"start":{"line":352,"column":11},"end":{"line":358,"column":5}}],"line":336},"12":{"loc":{"start":{"line":339,"column":8},"end":{"line":351,"column":9}},"type":"if","locations":[{"start":{"line":339,"column":8},"end":{"line":351,"column":9}},{"start":{},"end":{}}],"line":339},"13":{"loc":{"start":{"line":345,"column":16},"end":{"line":348,"column":17}},"type":"if","locations":[{"start":{"line":345,"column":16},"end":{"line":348,"column":17}},{"start":{},"end":{}}],"line":345},"14":{"loc":{"start":{"line":345,"column":20},"end":{"line":345,"column":118}},"type":"binary-expr","locations":[{"start":{"line":345,"column":20},"end":{"line":345,"column":50}},{"start":{"line":345,"column":54},"end":{"line":345,"column":84}},{"start":{"line":345,"column":88},"end":{"line":345,"column":118}}],"line":345},"15":{"loc":{"start":{"line":359,"column":6},"end":{"line":364,"column":1}},"type":"if","locations":[{"start":{"line":359,"column":6},"end":{"line":364,"column":1}},{"start":{},"end":{}}],"line":359},"16":{"loc":{"start":{"line":369,"column":12},"end":{"line":406,"column":13}},"type":"if","locations":[{"start":{"line":369,"column":12},"end":{"line":406,"column":13}},{"start":{"line":400,"column":18},"end":{"line":406,"column":13}}],"line":369},"17":{"loc":{"start":{"line":370,"column":16},"end":{"line":399,"column":17}},"type":"if","locations":[{"start":{"line":370,"column":16},"end":{"line":399,"column":17}},{"start":{"line":394,"column":23},"end":{"line":399,"column":17}}],"line":370},"18":{"loc":{"start":{"line":380,"column":36},"end":{"line":383,"column":37}},"type":"if","locations":[{"start":{"line":380,"column":36},"end":{"line":383,"column":37}},{"start":{},"end":{}}],"line":380},"19":{"loc":{"start":{"line":380,"column":40},"end":{"line":380,"column":138}},"type":"binary-expr","locations":[{"start":{"line":380,"column":40},"end":{"line":380,"column":70}},{"start":{"line":380,"column":74},"end":{"line":380,"column":104}},{"start":{"line":380,"column":108},"end":{"line":380,"column":138}}],"line":380},"20":{"loc":{"start":{"line":400,"column":18},"end":{"line":406,"column":13}},"type":"if","locations":[{"start":{"line":400,"column":18},"end":{"line":406,"column":13}},{"start":{},"end":{}}],"line":400},"21":{"loc":{"start":{"line":414,"column":26},"end":{"line":414,"column":58}},"type":"cond-expr","locations":[{"start":{"line":414,"column":48},"end":{"line":414,"column":52}},{"start":{"line":414,"column":53},"end":{"line":414,"column":58}}],"line":414},"22":{"loc":{"start":{"line":442,"column":4},"end":{"line":472,"column":5}},"type":"if","locations":[{"start":{"line":442,"column":4},"end":{"line":472,"column":5}},{"start":{"line":461,"column":8},"end":{"line":472,"column":5}}],"line":442},"23":{"loc":{"start":{"line":480,"column":19},"end":{"line":480,"column":57}},"type":"cond-expr","locations":[{"start":{"line":480,"column":45},"end":{"line":480,"column":49}},{"start":{"line":480,"column":52},"end":{"line":480,"column":57}}],"line":480},"24":{"loc":{"start":{"line":511,"column":4},"end":{"line":541,"column":5}},"type":"if","locations":[{"start":{"line":511,"column":4},"end":{"line":541,"column":5}},{"start":{"line":530,"column":11},"end":{"line":541,"column":5}}],"line":511},"25":{"loc":{"start":{"line":544,"column":19},"end":{"line":544,"column":57}},"type":"cond-expr","locations":[{"start":{"line":544,"column":45},"end":{"line":544,"column":49}},{"start":{"line":544,"column":52},"end":{"line":544,"column":57}}],"line":544},"26":{"loc":{"start":{"line":576,"column":4},"end":{"line":610,"column":5}},"type":"if","locations":[{"start":{"line":576,"column":4},"end":{"line":610,"column":5}},{"start":{"line":596,"column":11},"end":{"line":610,"column":5}}],"line":576},"27":{"loc":{"start":{"line":636,"column":29},"end":{"line":636,"column":54}},"type":"cond-expr","locations":[{"start":{"line":636,"column":44},"end":{"line":636,"column":48}},{"start":{"line":636,"column":49},"end":{"line":636,"column":54}}],"line":636},"28":{"loc":{"start":{"line":656,"column":4},"end":{"line":682,"column":5}},"type":"if","locations":[{"start":{"line":656,"column":4},"end":{"line":682,"column":5}},{"start":{"line":676,"column":11},"end":{"line":682,"column":5}}],"line":656},"29":{"loc":{"start":{"line":665,"column":28},"end":{"line":668,"column":29}},"type":"if","locations":[{"start":{"line":665,"column":28},"end":{"line":668,"column":29}},{"start":{},"end":{}}],"line":665},"30":{"loc":{"start":{"line":665,"column":32},"end":{"line":665,"column":130}},"type":"binary-expr","locations":[{"start":{"line":665,"column":32},"end":{"line":665,"column":62}},{"start":{"line":665,"column":66},"end":{"line":665,"column":96}},{"start":{"line":665,"column":100},"end":{"line":665,"column":130}}],"line":665},"31":{"loc":{"start":{"line":676,"column":11},"end":{"line":682,"column":5}},"type":"if","locations":[{"start":{"line":676,"column":11},"end":{"line":682,"column":5}},{"start":{},"end":{}}],"line":676},"32":{"loc":{"start":{"line":714,"column":4},"end":{"line":736,"column":5}},"type":"if","locations":[{"start":{"line":714,"column":4},"end":{"line":736,"column":5}},{"start":{"line":718,"column":9},"end":{"line":736,"column":5}}],"line":714},"33":{"loc":{"start":{"line":718,"column":9},"end":{"line":736,"column":5}},"type":"if","locations":[{"start":{"line":718,"column":9},"end":{"line":736,"column":5}},{"start":{},"end":{}}],"line":718},"34":{"loc":{"start":{"line":728,"column":12},"end":{"line":731,"column":13}},"type":"if","locations":[{"start":{"line":728,"column":12},"end":{"line":731,"column":13}},{"start":{},"end":{}}],"line":728},"35":{"loc":{"start":{"line":728,"column":15},"end":{"line":728,"column":100}},"type":"binary-expr","locations":[{"start":{"line":728,"column":15},"end":{"line":728,"column":42}},{"start":{"line":728,"column":44},"end":{"line":728,"column":71}},{"start":{"line":728,"column":73},"end":{"line":728,"column":100}}],"line":728},"36":{"loc":{"start":{"line":775,"column":8},"end":{"line":779,"column":9}},"type":"if","locations":[{"start":{"line":775,"column":8},"end":{"line":779,"column":9}},{"start":{"line":777,"column":15},"end":{"line":779,"column":9}}],"line":775}},"s":{"0":1,"1":1,"2":1,"3":1,"4":1,"5":1,"6":1,"7":1,"8":1,"9":1,"10":1,"11":1,"12":1,"13":1,"14":1,"15":1,"16":0,"17":0,"18":0,"19":0,"20":0,"21":0,"22":1,"23":0,"24":0,"25":1,"26":0,"27":0,"28":0,"29":0,"30":0,"31":1,"32":1,"33":1,"34":1,"35":0,"36":0,"37":0,"38":0,"39":0,"40":0,"41":1,"42":0,"43":0,"44":0,"45":1,"46":0,"47":0,"48":0,"49":1,"50":0,"51":0,"52":0,"53":0,"54":0,"55":1,"56":0,"57":0,"58":0,"59":0,"60":1,"61":0,"62":0,"63":0,"64":1,"65":0,"66":0,"67":0,"68":0,"69":0,"70":1,"71":0,"72":0,"73":0,"74":0,"75":0,"76":0,"77":0,"78":0,"79":0,"80":0,"81":0,"82":0,"83":0,"84":0,"85":0,"86":0,"87":0,"88":0,"89":0,"90":0,"91":0,"92":0,"93":0,"94":0,"95":0,"96":1,"97":0,"98":1,"99":1,"100":0,"101":1,"102":0,"103":1,"104":0,"105":1,"106":0,"107":1,"108":0,"109":0,"110":0,"111":0,"112":0,"113":0,"114":0,"115":0,"116":0,"117":0,"118":0,"119":0,"120":0,"121":0,"122":0,"123":0,"124":0,"125":0,"126":0,"127":0,"128":0,"129":0,"130":0,"131":0,"132":0,"133":1,"134":0,"135":0,"136":0,"137":0,"138":0,"139":0,"140":0,"141":0,"142":0,"143":0,"144":0,"145":0,"146":0,"147":0,"148":0,"149":0,"150":0,"151":0,"152":0,"153":0,"154":0,"155":0,"156":0,"157":0,"158":0,"159":1,"160":0,"161":0,"162":0,"163":0,"164":0,"165":0,"166":0,"167":0,"168":0,"169":0,"170":0,"171":0,"172":0,"173":0,"174":0,"175":0,"176":0,"177":0,"178":0,"179":0,"180":0,"181":0,"182":0,"183":0,"184":1,"185":0,"186":0,"187":0,"188":0,"189":0,"190":0,"191":0,"192":0,"193":0,"194":0,"195":0,"196":0,"197":0,"198":0,"199":0,"200":0,"201":0,"202":1,"203":0,"204":0,"205":0,"206":0,"207":0,"208":0,"209":0,"210":0,"211":0,"212":0,"213":0,"214":0,"215":0,"216":0,"217":0,"218":0,"219":0,"220":0,"221":1,"222":0,"223":0,"224":0,"225":0,"226":0,"227":0,"228":0,"229":0,"230":0,"231":0,"232":0,"233":0,"234":0,"235":0,"236":0,"237":0,"238":0,"239":0,"240":0,"241":0,"242":1,"243":0,"244":0,"245":1,"246":0,"247":0,"248":1,"249":0,"250":0,"251":0,"252":0,"253":1,"254":0,"255":0,"256":0,"257":0,"258":0,"259":0,"260":0,"261":0,"262":0,"263":1,"264":0,"265":0,"266":1,"267":0,"268":0,"269":0,"270":0,"271":0,"272":0,"273":0,"274":0,"275":0,"276":0,"277":0,"278":0,"279":0,"280":0,"281":0,"282":0,"283":0,"284":0,"285":0,"286":0,"287":1,"288":0,"289":0,"290":0,"291":1,"292":0,"293":0,"294":0,"295":1,"296":0,"297":0,"298":1,"299":0,"300":0,"301":0,"302":0,"303":0,"304":0,"305":0,"306":0,"307":0,"308":0,"309":0,"310":0,"311":0,"312":0,"313":0,"314":0,"315":0,"316":0,"317":0,"318":0,"319":0,"320":1,"321":0,"322":0,"323":0,"324":1,"325":0,"326":0,"327":0,"328":0,"329":1,"330":0,"331":0,"332":0,"333":0,"334":0,"335":0,"336":0,"337":0,"338":1,"339":0,"340":0,"341":0,"342":0,"343":0,"344":0,"345":0},"f":{"0":0,"1":0,"2":0,"3":0,"4":0,"5":1,"6":0,"7":0,"8":0,"9":0,"10":0,"11":0,"12":0,"13":0,"14":0,"15":0,"16":0,"17":0,"18":0,"19":0,"20":0,"21":0,"22":0,"23":0,"24":0,"25":0,"26":0,"27":0,"28":0,"29":0,"30":0,"31":0,"32":0,"33":0,"34":0,"35":0,"36":0,"37":0,"38":0,"39":0,"40":0,"41":0,"42":0,"43":0,"44":0,"45":0,"46":0,"47":0,"48":0,"49":0,"50":0,"51":0,"52":0,"53":0,"54":0,"55":0,"56":0,"57":0,"58":0,"59":0,"60":0,"61":0,"62":0},"b":{"0":[0,0],"1":[0,0],"2":[0,0],"3":[0,0,0],"4":[0,0],"5":[0,0],"6":[0,0],"7":[0,0],"8":[0,0,0],"9":[0,0],"10":[0,0],"11":[0,0],"12":[0,0],"13":[0,0],"14":[0,0,0],"15":[0,0],"16":[0,0],"17":[0,0],"18":[0,0],"19":[0,0,0],"20":[0,0],"21":[0,0],"22":[0,0],"23":[0,0],"24":[0,0],"25":[0,0],"26":[0,0],"27":[0,0],"28":[0,0],"29":[0,0],"30":[0,0,0],"31":[0,0],"32":[0,0],"33":[0,0],"34":[0,0],"35":[0,0,0],"36":[0,0]},"_coverageSchema":"1a1c01bbd47fc00a2c39e90264f33305004495a9","hash":"53baa9304c2e0ee4d49cfe74aef758e727979ded"}
,"/Users/dattasandeepchoragudi/html/WebstormProjects/Genesis/controllers/files.js": {"path":"/Users/dattasandeepchoragudi/html/WebstormProjects/Genesis/controllers/files.js","statementMap":{"0":{"start":{"line":2,"column":48},"end":{"line":2,"column":66}},"1":{"start":{"line":3,"column":12},"end":{"line":3,"column":36}},"2":{"start":{"line":4,"column":13},"end":{"line":4,"column":37}},"3":{"start":{"line":5,"column":17},"end":{"line":5,"column":36}},"4":{"start":{"line":8,"column":13},"end":{"line":8,"column":32}},"5":{"start":{"line":11,"column":0},"end":{"line":14,"column":3}},"6":{"start":{"line":12,"column":4},"end":{"line":12,"column":40}},"7":{"start":{"line":13,"column":4},"end":{"line":13,"column":28}},"8":{"start":{"line":17,"column":24},"end":{"line":17,"column":63}},"9":{"start":{"line":18,"column":22},"end":{"line":18,"column":59}},"10":{"start":{"line":19,"column":27},"end":{"line":19,"column":69}},"11":{"start":{"line":21,"column":0},"end":{"line":60,"column":1}},"12":{"start":{"line":22,"column":4},"end":{"line":22,"column":42}},"13":{"start":{"line":23,"column":4},"end":{"line":23,"column":25}},"14":{"start":{"line":24,"column":30},"end":{"line":51,"column":6}},"15":{"start":{"line":52,"column":4},"end":{"line":54,"column":7}},"16":{"start":{"line":53,"column":8},"end":{"line":53,"column":26}},"17":{"start":{"line":56,"column":4},"end":{"line":56,"column":46}},"18":{"start":{"line":57,"column":4},"end":{"line":57,"column":71}},"19":{"start":{"line":61,"column":0},"end":{"line":99,"column":1}},"20":{"start":{"line":63,"column":28},"end":{"line":91,"column":6}},"21":{"start":{"line":92,"column":4},"end":{"line":94,"column":7}},"22":{"start":{"line":93,"column":8},"end":{"line":93,"column":26}},"23":{"start":{"line":96,"column":4},"end":{"line":96,"column":46}},"24":{"start":{"line":97,"column":4},"end":{"line":97,"column":71}},"25":{"start":{"line":101,"column":0},"end":{"line":146,"column":1}},"26":{"start":{"line":102,"column":4},"end":{"line":102,"column":45}},"27":{"start":{"line":104,"column":4},"end":{"line":104,"column":25}},"28":{"start":{"line":105,"column":33},"end":{"line":134,"column":6}},"29":{"start":{"line":135,"column":4},"end":{"line":137,"column":7}},"30":{"start":{"line":136,"column":8},"end":{"line":136,"column":26}},"31":{"start":{"line":139,"column":4},"end":{"line":139,"column":46}},"32":{"start":{"line":140,"column":4},"end":{"line":140,"column":72}},"33":{"start":{"line":148,"column":0},"end":{"line":170,"column":1}},"34":{"start":{"line":149,"column":4},"end":{"line":149,"column":34}},"35":{"start":{"line":150,"column":4},"end":{"line":150,"column":34}},"36":{"start":{"line":151,"column":19},"end":{"line":151,"column":65}},"37":{"start":{"line":152,"column":4},"end":{"line":168,"column":5}},"38":{"start":{"line":153,"column":23},"end":{"line":153,"column":80}},"39":{"start":{"line":154,"column":19},"end":{"line":154,"column":36}},"40":{"start":{"line":156,"column":23},"end":{"line":156,"column":43}},"41":{"start":{"line":158,"column":31},"end":{"line":158,"column":64}},"42":{"start":{"line":160,"column":8},"end":{"line":160,"column":51}},"43":{"start":{"line":161,"column":8},"end":{"line":161,"column":70}},"44":{"start":{"line":164,"column":8},"end":{"line":164,"column":33}},"45":{"start":{"line":166,"column":8},"end":{"line":166,"column":29}},"46":{"start":{"line":167,"column":8},"end":{"line":167,"column":54}},"47":{"start":{"line":172,"column":0},"end":{"line":200,"column":2}},"48":{"start":{"line":173,"column":4},"end":{"line":173,"column":36}},"49":{"start":{"line":174,"column":4},"end":{"line":174,"column":33}},"50":{"start":{"line":175,"column":19},"end":{"line":175,"column":63}},"51":{"start":{"line":177,"column":4},"end":{"line":199,"column":5}},"52":{"start":{"line":178,"column":23},"end":{"line":178,"column":80}},"53":{"start":{"line":179,"column":19},"end":{"line":179,"column":36}},"54":{"start":{"line":181,"column":23},"end":{"line":181,"column":43}},"55":{"start":{"line":183,"column":31},"end":{"line":183,"column":64}},"56":{"start":{"line":185,"column":8},"end":{"line":185,"column":51}},"57":{"start":{"line":186,"column":8},"end":{"line":186,"column":70}},"58":{"start":{"line":189,"column":26},"end":{"line":189,"column":49}},"59":{"start":{"line":190,"column":24},"end":{"line":190,"column":63}},"60":{"start":{"line":193,"column":8},"end":{"line":193,"column":30}},"61":{"start":{"line":195,"column":8},"end":{"line":195,"column":33}},"62":{"start":{"line":197,"column":8},"end":{"line":197,"column":29}},"63":{"start":{"line":198,"column":8},"end":{"line":198,"column":54}}},"fnMap":{"0":{"name":"(anonymous_0)","decl":{"start":{"line":11,"column":18},"end":{"line":11,"column":19}},"loc":{"start":{"line":11,"column":29},"end":{"line":14,"column":1}},"line":11},"1":{"name":"(anonymous_1)","decl":{"start":{"line":21,"column":24},"end":{"line":21,"column":25}},"loc":{"start":{"line":21,"column":55},"end":{"line":60,"column":1}},"line":21},"2":{"name":"(anonymous_2)","decl":{"start":{"line":52,"column":40},"end":{"line":52,"column":41}},"loc":{"start":{"line":52,"column":45},"end":{"line":54,"column":5}},"line":52},"3":{"name":"(anonymous_3)","decl":{"start":{"line":61,"column":22},"end":{"line":61,"column":23}},"loc":{"start":{"line":61,"column":53},"end":{"line":99,"column":1}},"line":61},"4":{"name":"(anonymous_4)","decl":{"start":{"line":92,"column":38},"end":{"line":92,"column":39}},"loc":{"start":{"line":92,"column":43},"end":{"line":94,"column":5}},"line":92},"5":{"name":"(anonymous_5)","decl":{"start":{"line":101,"column":27},"end":{"line":101,"column":28}},"loc":{"start":{"line":101,"column":58},"end":{"line":146,"column":1}},"line":101},"6":{"name":"(anonymous_6)","decl":{"start":{"line":135,"column":43},"end":{"line":135,"column":44}},"loc":{"start":{"line":135,"column":50},"end":{"line":137,"column":5}},"line":135},"7":{"name":"(anonymous_7)","decl":{"start":{"line":148,"column":17},"end":{"line":148,"column":18}},"loc":{"start":{"line":148,"column":42},"end":{"line":170,"column":1}},"line":148},"8":{"name":"(anonymous_8)","decl":{"start":{"line":172,"column":19},"end":{"line":172,"column":20}},"loc":{"start":{"line":172,"column":45},"end":{"line":200,"column":1}},"line":172}},"branchMap":{},"s":{"0":1,"1":1,"2":1,"3":1,"4":1,"5":1,"6":0,"7":0,"8":1,"9":1,"10":1,"11":1,"12":0,"13":0,"14":0,"15":0,"16":0,"17":0,"18":0,"19":1,"20":0,"21":0,"22":0,"23":0,"24":0,"25":1,"26":0,"27":0,"28":0,"29":0,"30":0,"31":0,"32":0,"33":1,"34":0,"35":0,"36":0,"37":0,"38":0,"39":0,"40":0,"41":0,"42":0,"43":0,"44":0,"45":0,"46":0,"47":1,"48":0,"49":0,"50":0,"51":0,"52":0,"53":0,"54":0,"55":0,"56":0,"57":0,"58":0,"59":0,"60":0,"61":0,"62":0,"63":0},"f":{"0":0,"1":0,"2":0,"3":0,"4":0,"5":0,"6":0,"7":0,"8":0},"b":{},"_coverageSchema":"1a1c01bbd47fc00a2c39e90264f33305004495a9","hash":"9b7c8a8e0cdbdab392b1578c48672d86b8d51abb"}
,"/Users/dattasandeepchoragudi/html/WebstormProjects/Genesis/controllers/user.js": {"path":"/Users/dattasandeepchoragudi/html/WebstormProjects/Genesis/controllers/user.js","statementMap":{"0":{"start":{"line":1,"column":13},"end":{"line":1,"column":38}},"1":{"start":{"line":2,"column":14},"end":{"line":2,"column":43}},"2":{"start":{"line":3,"column":15},"end":{"line":3,"column":34}},"3":{"start":{"line":5,"column":25},"end":{"line":5,"column":64}},"4":{"start":{"line":6,"column":23},"end":{"line":6,"column":60}},"5":{"start":{"line":7,"column":28},"end":{"line":7,"column":70}},"6":{"start":{"line":8,"column":14},"end":{"line":8,"column":40}},"7":{"start":{"line":9,"column":15},"end":{"line":9,"column":42}},"8":{"start":{"line":10,"column":12},"end":{"line":10,"column":38}},"9":{"start":{"line":11,"column":22},"end":{"line":11,"column":66}},"10":{"start":{"line":12,"column":17},"end":{"line":12,"column":56}},"11":{"start":{"line":13,"column":19},"end":{"line":13,"column":60}},"12":{"start":{"line":14,"column":21},"end":{"line":14,"column":56}},"13":{"start":{"line":15,"column":13},"end":{"line":15,"column":40}},"14":{"start":{"line":16,"column":15},"end":{"line":16,"column":32}},"15":{"start":{"line":17,"column":12},"end":{"line":17,"column":35}},"16":{"start":{"line":18,"column":15},"end":{"line":18,"column":32}},"17":{"start":{"line":19,"column":22},"end":{"line":19,"column":40}},"18":{"start":{"line":20,"column":17},"end":{"line":20,"column":46}},"19":{"start":{"line":21,"column":19},"end":{"line":21,"column":40}},"20":{"start":{"line":22,"column":26},"end":{"line":22,"column":66}},"21":{"start":{"line":33,"column":20},"end":{"line":42,"column":1}},"22":{"start":{"line":43,"column":6},"end":{"line":43,"column":7}},"23":{"start":{"line":44,"column":0},"end":{"line":100,"column":1}},"24":{"start":{"line":52,"column":4},"end":{"line":52,"column":24}},"25":{"start":{"line":53,"column":4},"end":{"line":53,"column":9}},"26":{"start":{"line":54,"column":4},"end":{"line":54,"column":18}},"27":{"start":{"line":55,"column":21},"end":{"line":55,"column":41}},"28":{"start":{"line":56,"column":4},"end":{"line":56,"column":25}},"29":{"start":{"line":57,"column":4},"end":{"line":99,"column":5}},"30":{"start":{"line":59,"column":8},"end":{"line":95,"column":9}},"31":{"start":{"line":60,"column":28},"end":{"line":60,"column":61}},"32":{"start":{"line":61,"column":12},"end":{"line":61,"column":39}},"33":{"start":{"line":62,"column":25},"end":{"line":62,"column":60}},"34":{"start":{"line":63,"column":26},"end":{"line":63,"column":62}},"35":{"start":{"line":64,"column":26},"end":{"line":64,"column":62}},"36":{"start":{"line":65,"column":12},"end":{"line":65,"column":49}},"37":{"start":{"line":67,"column":12},"end":{"line":91,"column":13}},"38":{"start":{"line":68,"column":22},"end":{"line":68,"column":48}},"39":{"start":{"line":69,"column":16},"end":{"line":69,"column":30}},"40":{"start":{"line":70,"column":16},"end":{"line":70,"column":40}},"41":{"start":{"line":73,"column":17},"end":{"line":91,"column":13}},"42":{"start":{"line":76,"column":22},"end":{"line":76,"column":50}},"43":{"start":{"line":77,"column":16},"end":{"line":77,"column":30}},"44":{"start":{"line":79,"column":16},"end":{"line":79,"column":40}},"45":{"start":{"line":82,"column":17},"end":{"line":91,"column":13}},"46":{"start":{"line":83,"column":22},"end":{"line":83,"column":50}},"47":{"start":{"line":85,"column":16},"end":{"line":85,"column":40}},"48":{"start":{"line":89,"column":16},"end":{"line":89,"column":80}},"49":{"start":{"line":93,"column":12},"end":{"line":93,"column":57}},"50":{"start":{"line":94,"column":12},"end":{"line":94,"column":76}},"51":{"start":{"line":98,"column":8},"end":{"line":98,"column":72}},"52":{"start":{"line":103,"column":0},"end":{"line":105,"column":1}},"53":{"start":{"line":104,"column":4},"end":{"line":104,"column":28}},"54":{"start":{"line":106,"column":0},"end":{"line":111,"column":1}},"55":{"start":{"line":108,"column":4},"end":{"line":108,"column":43}},"56":{"start":{"line":109,"column":15},"end":{"line":109,"column":43}},"57":{"start":{"line":110,"column":4},"end":{"line":110,"column":30}},"58":{"start":{"line":112,"column":0},"end":{"line":116,"column":1}},"59":{"start":{"line":113,"column":4},"end":{"line":113,"column":38}},"60":{"start":{"line":114,"column":15},"end":{"line":114,"column":38}},"61":{"start":{"line":115,"column":4},"end":{"line":115,"column":30}},"62":{"start":{"line":117,"column":0},"end":{"line":122,"column":1}},"63":{"start":{"line":118,"column":4},"end":{"line":118,"column":41}},"64":{"start":{"line":119,"column":15},"end":{"line":119,"column":40}},"65":{"start":{"line":120,"column":4},"end":{"line":120,"column":21}},"66":{"start":{"line":121,"column":4},"end":{"line":121,"column":30}},"67":{"start":{"line":124,"column":0},"end":{"line":126,"column":1}},"68":{"start":{"line":125,"column":4},"end":{"line":125,"column":29}},"69":{"start":{"line":128,"column":0},"end":{"line":131,"column":1}},"70":{"start":{"line":129,"column":4},"end":{"line":129,"column":33}},"71":{"start":{"line":132,"column":0},"end":{"line":134,"column":1}},"72":{"start":{"line":133,"column":4},"end":{"line":133,"column":34}},"73":{"start":{"line":136,"column":0},"end":{"line":138,"column":1}},"74":{"start":{"line":137,"column":4},"end":{"line":137,"column":22}},"75":{"start":{"line":139,"column":0},"end":{"line":140,"column":638}},"76":{"start":{"line":141,"column":0},"end":{"line":144,"column":1}},"77":{"start":{"line":143,"column":4},"end":{"line":143,"column":44}},"78":{"start":{"line":145,"column":0},"end":{"line":151,"column":1}},"79":{"start":{"line":146,"column":4},"end":{"line":146,"column":30}},"80":{"start":{"line":147,"column":4},"end":{"line":149,"column":6}},"81":{"start":{"line":148,"column":8},"end":{"line":148,"column":24}},"82":{"start":{"line":152,"column":0},"end":{"line":157,"column":1}},"83":{"start":{"line":153,"column":4},"end":{"line":153,"column":42}},"84":{"start":{"line":154,"column":4},"end":{"line":154,"column":30}},"85":{"start":{"line":155,"column":14},"end":{"line":155,"column":56}},"86":{"start":{"line":156,"column":4},"end":{"line":156,"column":15}},"87":{"start":{"line":160,"column":0},"end":{"line":189,"column":1}},"88":{"start":{"line":162,"column":0},"end":{"line":186,"column":5}},"89":{"start":{"line":163,"column":8},"end":{"line":163,"column":25}},"90":{"start":{"line":166,"column":8},"end":{"line":185,"column":9}},"91":{"start":{"line":167,"column":12},"end":{"line":171,"column":18}},"92":{"start":{"line":172,"column":15},"end":{"line":185,"column":9}},"93":{"start":{"line":173,"column":12},"end":{"line":177,"column":18}},"94":{"start":{"line":178,"column":15},"end":{"line":185,"column":9}},"95":{"start":{"line":180,"column":12},"end":{"line":184,"column":13}},"96":{"start":{"line":191,"column":0},"end":{"line":193,"column":1}},"97":{"start":{"line":192,"column":4},"end":{"line":192,"column":28}},"98":{"start":{"line":195,"column":0},"end":{"line":197,"column":1}},"99":{"start":{"line":196,"column":4},"end":{"line":196,"column":42}},"100":{"start":{"line":198,"column":13},"end":{"line":202,"column":64}},"101":{"start":{"line":205,"column":0},"end":{"line":207,"column":1}},"102":{"start":{"line":206,"column":4},"end":{"line":206,"column":61}},"103":{"start":{"line":208,"column":0},"end":{"line":214,"column":1}},"104":{"start":{"line":209,"column":4},"end":{"line":213,"column":6}},"105":{"start":{"line":210,"column":8},"end":{"line":210,"column":22}},"106":{"start":{"line":211,"column":8},"end":{"line":211,"column":80}},"107":{"start":{"line":215,"column":0},"end":{"line":217,"column":1}},"108":{"start":{"line":216,"column":4},"end":{"line":216,"column":25}},"109":{"start":{"line":218,"column":11},"end":{"line":221,"column":87}},"110":{"start":{"line":222,"column":0},"end":{"line":229,"column":1}},"111":{"start":{"line":223,"column":17},"end":{"line":223,"column":32}},"112":{"start":{"line":224,"column":4},"end":{"line":224,"column":32}},"113":{"start":{"line":225,"column":17},"end":{"line":225,"column":53}},"114":{"start":{"line":226,"column":4},"end":{"line":226,"column":28}},"115":{"start":{"line":228,"column":4},"end":{"line":228,"column":30}},"116":{"start":{"line":231,"column":0},"end":{"line":233,"column":1}},"117":{"start":{"line":232,"column":4},"end":{"line":232,"column":29}},"118":{"start":{"line":235,"column":0},"end":{"line":240,"column":1}},"119":{"start":{"line":236,"column":4},"end":{"line":239,"column":6}},"120":{"start":{"line":241,"column":0},"end":{"line":247,"column":1}},"121":{"start":{"line":242,"column":4},"end":{"line":246,"column":6}},"122":{"start":{"line":243,"column":8},"end":{"line":243,"column":58}},"123":{"start":{"line":245,"column":8},"end":{"line":245,"column":28}},"124":{"start":{"line":248,"column":0},"end":{"line":258,"column":1}},"125":{"start":{"line":249,"column":4},"end":{"line":249,"column":38}},"126":{"start":{"line":250,"column":13},"end":{"line":250,"column":26}},"127":{"start":{"line":251,"column":4},"end":{"line":251,"column":19}},"128":{"start":{"line":252,"column":4},"end":{"line":257,"column":6}},"129":{"start":{"line":253,"column":8},"end":{"line":253,"column":60}},"130":{"start":{"line":256,"column":8},"end":{"line":256,"column":28}},"131":{"start":{"line":259,"column":0},"end":{"line":261,"column":1}},"132":{"start":{"line":260,"column":4},"end":{"line":260,"column":42}},"133":{"start":{"line":263,"column":0},"end":{"line":265,"column":1}},"134":{"start":{"line":264,"column":4},"end":{"line":264,"column":26}},"135":{"start":{"line":266,"column":0},"end":{"line":268,"column":1}},"136":{"start":{"line":267,"column":4},"end":{"line":267,"column":25}},"137":{"start":{"line":269,"column":0},"end":{"line":271,"column":1}},"138":{"start":{"line":270,"column":4},"end":{"line":270,"column":26}},"139":{"start":{"line":272,"column":0},"end":{"line":274,"column":1}},"140":{"start":{"line":273,"column":4},"end":{"line":273,"column":27}},"141":{"start":{"line":277,"column":0},"end":{"line":282,"column":1}},"142":{"start":{"line":278,"column":4},"end":{"line":278,"column":30}},"143":{"start":{"line":279,"column":4},"end":{"line":281,"column":6}},"144":{"start":{"line":280,"column":8},"end":{"line":280,"column":24}},"145":{"start":{"line":288,"column":12},"end":{"line":288,"column":45}},"146":{"start":{"line":290,"column":0},"end":{"line":363,"column":2}},"147":{"start":{"line":291,"column":4},"end":{"line":291,"column":39}},"148":{"start":{"line":292,"column":17},"end":{"line":292,"column":30}},"149":{"start":{"line":293,"column":16},"end":{"line":293,"column":28}},"150":{"start":{"line":294,"column":16},"end":{"line":294,"column":28}},"151":{"start":{"line":295,"column":20},"end":{"line":295,"column":36}},"152":{"start":{"line":296,"column":18},"end":{"line":296,"column":32}},"153":{"start":{"line":297,"column":18},"end":{"line":297,"column":32}},"154":{"start":{"line":298,"column":21},"end":{"line":298,"column":38}},"155":{"start":{"line":299,"column":15},"end":{"line":299,"column":49}},"156":{"start":{"line":300,"column":4},"end":{"line":300,"column":71}},"157":{"start":{"line":301,"column":4},"end":{"line":362,"column":11}},"158":{"start":{"line":302,"column":21},"end":{"line":302,"column":57}},"159":{"start":{"line":303,"column":8},"end":{"line":303,"column":28}},"160":{"start":{"line":304,"column":8},"end":{"line":304,"column":26}},"161":{"start":{"line":305,"column":8},"end":{"line":356,"column":9}},"162":{"start":{"line":306,"column":34},"end":{"line":306,"column":73}},"163":{"start":{"line":307,"column":31},"end":{"line":307,"column":45}},"164":{"start":{"line":309,"column":12},"end":{"line":309,"column":34}},"165":{"start":{"line":310,"column":28},"end":{"line":310,"column":56}},"166":{"start":{"line":311,"column":29},"end":{"line":311,"column":51}},"167":{"start":{"line":312,"column":12},"end":{"line":312,"column":45}},"168":{"start":{"line":313,"column":12},"end":{"line":313,"column":47}},"169":{"start":{"line":314,"column":12},"end":{"line":352,"column":13}},"170":{"start":{"line":315,"column":16},"end":{"line":315,"column":54}},"171":{"start":{"line":316,"column":30},"end":{"line":327,"column":18}},"172":{"start":{"line":329,"column":16},"end":{"line":344,"column":19}},"173":{"start":{"line":331,"column":28},"end":{"line":333,"column":21}},"174":{"start":{"line":334,"column":34},"end":{"line":334,"column":78}},"175":{"start":{"line":335,"column":20},"end":{"line":335,"column":120}},"176":{"start":{"line":336,"column":20},"end":{"line":336,"column":48}},"177":{"start":{"line":337,"column":20},"end":{"line":342,"column":23}},"178":{"start":{"line":346,"column":16},"end":{"line":351,"column":17}},"179":{"start":{"line":347,"column":19},"end":{"line":347,"column":75}},"180":{"start":{"line":348,"column":23},"end":{"line":351,"column":17}},"181":{"start":{"line":349,"column":20},"end":{"line":349,"column":80}},"182":{"start":{"line":354,"column":12},"end":{"line":354,"column":62}},"183":{"start":{"line":360,"column":12},"end":{"line":360,"column":33}},"184":{"start":{"line":361,"column":12},"end":{"line":361,"column":58}},"185":{"start":{"line":365,"column":0},"end":{"line":498,"column":2}},"186":{"start":{"line":366,"column":4},"end":{"line":366,"column":42}},"187":{"start":{"line":367,"column":17},"end":{"line":367,"column":30}},"188":{"start":{"line":368,"column":18},"end":{"line":368,"column":32}},"189":{"start":{"line":369,"column":16},"end":{"line":369,"column":28}},"190":{"start":{"line":370,"column":16},"end":{"line":370,"column":28}},"191":{"start":{"line":371,"column":19},"end":{"line":371,"column":34}},"192":{"start":{"line":372,"column":20},"end":{"line":372,"column":36}},"193":{"start":{"line":373,"column":18},"end":{"line":373,"column":32}},"194":{"start":{"line":374,"column":21},"end":{"line":374,"column":38}},"195":{"start":{"line":375,"column":16},"end":{"line":375,"column":28}},"196":{"start":{"line":377,"column":4},"end":{"line":497,"column":11}},"197":{"start":{"line":379,"column":27},"end":{"line":379,"column":67}},"198":{"start":{"line":380,"column":12},"end":{"line":492,"column":13}},"199":{"start":{"line":381,"column":38},"end":{"line":381,"column":77}},"200":{"start":{"line":382,"column":35},"end":{"line":382,"column":49}},"201":{"start":{"line":383,"column":32},"end":{"line":383,"column":60}},"202":{"start":{"line":384,"column":33},"end":{"line":384,"column":55}},"203":{"start":{"line":385,"column":16},"end":{"line":491,"column":17}},"204":{"start":{"line":386,"column":37},"end":{"line":396,"column":22}},"205":{"start":{"line":397,"column":20},"end":{"line":397,"column":42}},"206":{"start":{"line":398,"column":20},"end":{"line":398,"column":41}},"207":{"start":{"line":399,"column":20},"end":{"line":399,"column":72}},"208":{"start":{"line":400,"column":20},"end":{"line":400,"column":64}},"209":{"start":{"line":401,"column":20},"end":{"line":401,"column":72}},"210":{"start":{"line":403,"column":20},"end":{"line":481,"column":23}},"211":{"start":{"line":484,"column":20},"end":{"line":484,"column":89}},"212":{"start":{"line":486,"column":20},"end":{"line":490,"column":21}},"213":{"start":{"line":487,"column":24},"end":{"line":487,"column":189}},"214":{"start":{"line":488,"column":27},"end":{"line":490,"column":21}},"215":{"start":{"line":489,"column":24},"end":{"line":489,"column":84}},"216":{"start":{"line":495,"column":12},"end":{"line":495,"column":63}},"217":{"start":{"line":496,"column":12},"end":{"line":496,"column":69}},"218":{"start":{"line":499,"column":4},"end":{"line":654,"column":5}},"219":{"start":{"line":500,"column":8},"end":{"line":500,"column":34}},"220":{"start":{"line":501,"column":8},"end":{"line":501,"column":24}},"221":{"start":{"line":504,"column":22},"end":{"line":504,"column":36}}
[...]
,"/Users/dattasandeepchoragudi/html/WebstormProjects/Genesis/models/Admin.js": {"path":"/Users/dattasandeepchoragudi/html/WebstormProjects/Genesis/models/Admin.js","statementMap":{"0":{"start":{"line":1,"column":17},"end":{"line":1,"column":36}},"1":{"start":{"line":2,"column":15},"end":{"line":2,"column":34}},"2":{"start":{"line":4,"column":15},"end":{"line":4,"column":30}},"3":{"start":{"line":6,"column":19},"end":{"line":41,"column":2}},"4":{"start":{"line":44,"column":0},"end":{"line":44,"column":50}}},"fnMap":{},"branchMap":{},"s":{"0":1,"1":1,"2":1,"3":1,"4":1},"f":{},"b":{},"_coverageSchema":"1a1c01bbd47fc00a2c39e90264f33305004495a9","hash":"8da8bc97d356412323e87410aaf7993a1525e08a"}
,"/Users/dattasandeepchoragudi/html/WebstormProjects/Genesis/models/Policy.js": {"path":"/Users/dattasandeepchoragudi/html/WebstormProjects/Genesis/models/Policy.js","statementMap":{"0":{"start":{"line":2,"column":17},"end":{"line":2,"column":36}},"1":{"start":{"line":4,"column":15},"end":{"line":4,"column":30}},"2":{"start":{"line":6,"column":19},"end":{"line":41,"column":2}},"3":{"start":{"line":43,"column":12},"end":{"line":43,"column":49}},"4":{"start":{"line":45,"column":0},"end":{"line":45,"column":35}}},"fnMap":{},"branchMap":{},"s":{"0":1,"1":1,"2":1,"3":1,"4":1},"f":{},"b":{},"_coverageSchema":"1a1c01bbd47fc00a2c39e90264f33305004495a9","hash":"9b62e3b7235dcf0c878ffc8ceae36fde1a80e712"}
,"/Users/dattasandeepchoragudi/html/WebstormProjects/Genesis/models/Query.js": {"path":"/Users/dattasandeepchoragudi/html/WebstormProjects/Genesis/models/Query.js","statementMap":{"0":{"start":{"line":3,"column":17},"end":{"line":3,"column":36}},"1":{"start":{"line":5,"column":15},"end":{"line":5,"column":30}},"2":{"start":{"line":8,"column":18},"end":{"line":35,"column":2}},"3":{"start":{"line":37,"column":0},"end":{"line":37,"column":50}}},"fnMap":{},"branchMap":{},"s":{"0":1,"1":1,"2":1,"3":1},"f":{},"b":{},"_coverageSchema":"1a1c01bbd47fc00a2c39e90264f33305004495a9","hash":"3857047299cccd7943c4a1eb4587266b091ced45"}
,"/Users/dattasandeepchoragudi/html/WebstormProjects/Genesis/models/Review.js": {"path":"/Users/dattasandeepchoragudi/html/WebstormProjects/Genesis/models/Review.js","statementMap":{"0":{"start":{"line":1,"column":17},"end":{"line":1,"column":36}},"1":{"start":{"line":2,"column":15},"end":{"line":2,"column":30}},"2":{"start":{"line":4,"column":19},"end":{"line":18,"column":2}},"3":{"start":{"line":20,"column":0},"end":{"line":20,"column":52}}},"fnMap":{},"branchMap":{},"s":{"0":1,"1":1,"2":1,"3":1},"f":{},"b":{},"_coverageSchema":"1a1c01bbd47fc00a2c39e90264f33305004495a9","hash":"fae198e3c8bad17632b6c4dca62fd456c671b5c4"}
,"/Users/dattasandeepchoragudi/html/WebstormProjects/Genesis/models/User.js": {"path":"/Users/dattasandeepchoragudi/html/WebstormProjects/Genesis/models/User.js","statementMap":{"0":{"start":{"line":1,"column":17},"end":{"line":1,"column":36}},"1":{"start":{"line":3,"column":15},"end":{"line":3,"column":30}},"2":{"start":{"line":5,"column":13},"end":{"line":5,"column":32}},"3":{"start":{"line":7,"column":18},"end":{"line":58,"column":2}},"4":{"start":{"line":62,"column":0},"end":{"line":62,"column":48}}},"fnMap":{},"branchMap":{},"s":{"0":1,"1":1,"2":1,"3":1,"4":1},"f":{},"b":{},"_coverageSchema":"1a1c01bbd47fc00a2c39e90264f33305004495a9","hash":"0b26ebf8dbe30cab7fa9d4bda083469b280fadd6"}
,"/Users/dattasandeepchoragudi/html/WebstormProjects/Genesis/models/employee.js": {"path":"/Users/dattasandeepchoragudi/html/WebstormProjects/Genesis/models/employee.js","statementMap":{"0":{"start":{"line":1,"column":17},"end":{"line":1,"column":36}},"1":{"start":{"line":3,"column":15},"end":{"line":3,"column":30}},"2":{"start":{"line":5,"column":22},"end":{"line":49,"column":2}},"3":{"start":{"line":52,"column":0},"end":{"line":52,"column":56}}},"fnMap":{},"branchMap":{},"s":{"0":1,"1":1,"2":1,"3":1},"f":{},"b":{},"_coverageSchema":"1a1c01bbd47fc00a2c39e90264f33305004495a9","hash":"e72c29cac89140744efaac236596cabe95c00020"}
,"/Users/dattasandeepchoragudi/html/WebstormProjects/Genesis/models/health-application.js": {"path":"/Users/dattasandeepchoragudi/html/WebstormProjects/Genesis/models/health-application.js","statementMap":{"0":{"start":{"line":2,"column":17},"end":{"line":2,"column":36}},"1":{"start":{"line":4,"column":15},"end":{"line":4,"column":30}},"2":{"start":{"line":6,"column":19},"end":{"line":31,"column":2}},"3":{"start":{"line":33,"column":0},"end":{"line":33,"column":63}}},"fnMap":{},"branchMap":{},"s":{"0":1,"1":1,"2":1,"3":1},"f":{},"b":{},"_coverageSchema":"1a1c01bbd47fc00a2c39e90264f33305004495a9","hash":"60b71aba3e1b0c9c1e74385ac1e707e54fbac456"}
,"/Users/dattasandeepchoragudi/html/WebstormProjects/Genesis/models/healthpolicy-details.js": {"path":"/Users/dattasandeepchoragudi/html/WebstormProjects/Genesis/models/healthpolicy-details.js","statementMap":{"0":{"start":{"line":1,"column":17},"end":{"line":1,"column":36}},"1":{"start":{"line":3,"column":15},"end":{"line":3,"column":30}},"2":{"start":{"line":5,"column":21},"end":{"line":52,"column":1}},"3":{"start":{"line":55,"column":0},"end":{"line":55,"column":71}}},"fnMap":{},"branchMap":{},"s":{"0":1,"1":1,"2":1,"3":1},"f":{},"b":{},"_coverageSchema":"1a1c01bbd47fc00a2c39e90264f33305004495a9","hash":"a3039bde24266053e1283b61d33b5562adfb44b1"}
,"/Users/dattasandeepchoragudi/html/WebstormProjects/Genesis/models/life-application.js": {"path":"/Users/dattasandeepchoragudi/html/WebstormProjects/Genesis/models/life-application.js","statementMap":{"0":{"start":{"line":2,"column":17},"end":{"line":2,"column":36}},"1":{"start":{"line":4,"column":15},"end":{"line":4,"column":30}},"2":{"start":{"line":6,"column":17},"end":{"line":32,"column":2}},"3":{"start":{"line":34,"column":0},"end":{"line":34,"column":59}}},"fnMap":{},"branchMap":{},"s":{"0":1,"1":1,"2":1,"3":1},"f":{},"b":{},"_coverageSchema":"1a1c01bbd47fc00a2c39e90264f33305004495a9","hash":"4dac78031af8a9f19e6580c5d9056552ea8b7cea"}
,"/Users/dattasandeepchoragudi/html/WebstormProjects/Genesis/models/lifepolicy-details.js": {"path":"/Users/dattasandeepchoragudi/html/WebstormProjects/Genesis/models/lifepolicy-details.js","statementMap":{"0":{"start":{"line":1,"column":17},"end":{"line":1,"column":36}},"1":{"start":{"line":3,"column":15},"end":{"line":3,"column":30}},"2":{"start":{"line":5,"column":19},"end":{"line":22,"column":1}},"3":{"start":{"line":25,"column":0},"end":{"line":25,"column":67}}},"fnMap":{},"branchMap":{},"s":{"0":1,"1":1,"2":1,"3":1},"f":{},"b":{},"_coverageSchema":"1a1c01bbd47fc00a2c39e90264f33305004495a9","hash":"1ff9728ef6de89ca007d47176c3ff77f93996ea1"}
,"/Users/dattasandeepchoragudi/html/WebstormProjects/Genesis/models/passwordChange.js": {"path":"/Users/dattasandeepchoragudi/html/WebstormProjects/Genesis/models/passwordChange.js","statementMap":{"0":{"start":{"line":2,"column":17},"end":{"line":2,"column":36}},"1":{"start":{"line":4,"column":15},"end":{"line":4,"column":30}},"2":{"start":{"line":6,"column":21},"end":{"line":20,"column":2}},"3":{"start":{"line":24,"column":0},"end":{"line":24,"column":63}}},"fnMap":{},"branchMap":{},"s":{"0":1,"1":1,"2":1,"3":1},"f":{},"b":{},"_coverageSchema":"1a1c01bbd47fc00a2c39e90264f33305004495a9","hash":"10e7a181b73a25358be59440b78db16ae6189e39"}
,"/Users/dattasandeepchoragudi/html/WebstormProjects/Genesis/models/transport-application.js": {"path":"/Users/dattasandeepchoragudi/html/WebstormProjects/Genesis/models/transport-application.js","statementMap":{"0":{"start":{"line":2,"column":17},"end":{"line":2,"column":36}},"1":{"start":{"line":4,"column":15},"end":{"line":4,"column":30}},"2":{"start":{"line":6,"column":22},"end":{"line":38,"column":2}},"3":{"start":{"line":40,"column":0},"end":{"line":40,"column":69}}},"fnMap":{},"branchMap":{},"s":{"0":1,"1":1,"2":1,"3":1},"f":{},"b":{},"_coverageSchema":"1a1c01bbd47fc00a2c39e90264f33305004495a9","hash":"cee64f3e33f54109176e69c67c81b95e4e253df0"}
,"/Users/dattasandeepchoragudi/html/WebstormProjects/Genesis/models/transportpolicy-details.js": {"path":"/Users/dattasandeepchoragudi/html/WebstormProjects/Genesis/models/transportpolicy-details.js","statementMap":{"0":{"start":{"line":2,"column":17},"end":{"line":2,"column":36}},"1":{"start":{"line":4,"column":15},"end":{"line":4,"column":30}},"2":{"start":{"line":6,"column":24},"end":{"line":21,"column":1}},"3":{"start":{"line":28,"column":0},"end":{"line":28,"column":77}}},"fnMap":{},"branchMap":{},"s":{"0":1,"1":1,"2":1,"3":1},"f":{},"b":{},"_coverageSchema":"1a1c01bbd47fc00a2c39e90264f33305004495a9","hash":"4a34a42d7984d076ee453fef0b2671468c39d536"}
,"/Users/dattasandeepchoragudi/html/WebstormProjects/Genesis/routes/Routes.js": {"path":"/Users/dattasandeepchoragudi/html/WebstormProjects/Genesis/routes/Routes.js","statementMap":{"0":{"start":{"line":1,"column":14},"end":{"line":1,"column":32}},"1":{"start":{"line":3,"column":15},"end":{"line":3,"column":31}},"2":{"start":{"line":4,"column":21},"end":{"line":4,"column":54}},"3":{"start":{"line":5,"column":22},"end":{"line":5,"column":56}},"4":{"start":{"line":6,"column":22},"end":{"line":6,"column":56}},"5":{"start":{"line":10,"column":15},"end":{"line":10,"column":32}},"6":{"start":{"line":11,"column":24},"end":{"line":11,"column":56}},"7":{"start":{"line":12,"column":13},"end":{"line":12,"column":37}},"8":{"start":{"line":13,"column":17},"end":{"line":13,"column":36}},"9":{"start":{"line":15,"column":13},"end":{"line":15,"column":32}},"10":{"start":{"line":18,"column":0},"end":{"line":21,"column":3}},"11":{"start":{"line":19,"column":4},"end":{"line":19,"column":40}},"12":{"start":{"line":20,"column":4},"end":{"line":20,"column":28}},"13":{"start":{"line":23,"column":16},"end":{"line":34,"column":2}},"14":{"start":{"line":26,"column":8},"end":{"line":32,"column":10}},"15":{"start":{"line":36,"column":15},"end":{"line":36,"column":43}},"16":{"start":{"line":39,"column":0},"end":{"line":39,"column":38}},"17":{"start":{"line":40,"column":0},"end":{"line":40,"column":44}},"18":{"start":{"line":41,"column":0},"end":{"line":41,"column":46}},"19":{"start":{"line":42,"column":0},"end":{"line":42,"column":48}},"20":{"start":{"line":43,"column":0},"end":{"line":43,"column":53}},"21":{"start":{"line":44,"column":0},"end":{"line":44,"column":63}},"22":{"start":{"line":45,"column":0},"end":{"line":45,"column":55}},"23":{"start":{"line":46,"column":0},"end":{"line":46,"column":54}},"24":{"start":{"line":47,"column":0},"end":{"line":47,"column":65}},"25":{"start":{"line":49,"column":0},"end":{"line":49,"column":48}},"26":{"start":{"line":50,"column":0},"end":{"line":50,"column":55}},"27":{"start":{"line":51,"column":0},"end":{"line":51,"column":65}},"28":{"start":{"line":52,"column":0},"end":{"line":52,"column":55}},"29":{"start":{"line":53,"column":0},"end":{"line":53,"column":59}},"30":{"start":{"line":54,"column":0},"end":{"line":54,"column":59}},"31":{"start":{"line":55,"column":0},"end":{"line":55,"column":50}},"32":{"start":{"line":56,"column":0},"end":{"line":56,"column":48}},"33":{"start":{"line":57,"column":0},"end":{"line":57,"column":50}},"34":{"start":{"line":58,"column":0},"end":{"line":58,"column":66}},"35":{"start":{"line":59,"column":0},"end":{"line":59,"column":57}},"36":{"start":{"line":60,"column":0},"end":{"line":60,"column":55}},"37":{"start":{"line":61,"column":0},"end":{"line":61,"column":61}},"38":{"start":{"line":62,"column":0},"end":{"line":62,"column":56}},"39":{"start":{"line":63,"column":0},"end":{"line":63,"column":60}},"40":{"start":{"line":64,"column":0},"end":{"line":64,"column":52}},"41":{"start":{"line":65,"column":0},"end":{"line":65,"column":48}},"42":{"start":{"line":66,"column":0},"end":{"line":66,"column":46}},"43":{"start":{"line":67,"column":0},"end":{"line":67,"column":48}},"44":{"start":{"line":68,"column":0},"end":{"line":68,"column":50}},"45":{"start":{"line":69,"column":0},"end":{"line":69,"column":46}},"46":{"start":{"line":70,"column":0},"end":{"line":70,"column":50}},"47":{"start":{"line":71,"column":0},"end":{"line":71,"column":57}},"48":{"start":{"line":72,"column":0},"end":{"line":72,"column":56}},"49":{"start":{"line":73,"column":0},"end":{"line":73,"column":58}},"50":{"start":{"line":74,"column":0},"end":{"line":74,"column":53}},"51":{"start":{"line":76,"column":0},"end":{"line":83,"column":34}},"52":{"start":{"line":85,"column":0},"end":{"line":92,"column":32}},"53":{"start":{"line":94,"column":0},"end":{"line":99,"column":37}},"54":{"start":{"line":101,"column":0},"end":{"line":101,"column":61}},"55":{"start":{"line":102,"column":0},"end":{"line":102,"column":50}},"56":{"start":{"line":103,"column":0},"end":{"line":103,"column":61}},"57":{"start":{"line":104,"column":0},"end":{"line":104,"column":60}},"58":{"start":{"line":105,"column":0},"end":{"line":105,"column":58}},"59":{"start":{"line":106,"column":0},"end":{"line":106,"column":55}},"60":{"start":{"line":107,"column":0},"end":{"line":107,"column":66}},"61":{"start":{"line":108,"column":0},"end":{"line":108,"column":21}}},"fnMap":{"0":{"name":"(anonymous_0)","decl":{"start":{"line":18,"column":18},"end":{"line":18,"column":19}},"loc":{"start":{"line":18,"column":29},"end":{"line":21,"column":1}},"line":18},"1":{"name":"(anonymous_1)","decl":{"start":{"line":25,"column":10},"end":{"line":25,"column":11}},"loc":{"start":{"line":25,"column":30},"end":{"line":33,"column":5}},"line":25}},"branchMap":{},"s":{"0":1,"1":1,"2":1,"3":1,"4":1,"5":1,"6":1,"7":1,"8":1,"9":1,"10":1,"11":0,"12":0,"13":1,"14":0,"15":1,"16":1,"17":1,"18":1,"19":1,"20":1,"21":1,"22":1,"23":1,"24":1,"25":1,"26":1,"27":1,"28":1,"29":1,"30":1,"31":1,"32":1,"33":1,"34":1,"35":1,"36":1,"37":1,"38":1,"39":1,"40":1,"41":1,"42":1,"43":1,"44":1,"45":1,"46":1,"47":1,"48":1,"49":1,"50":1,"51":1,"52":1,"53":1,"54":1,"55":1,"56":1,"57":1,"58":1,"59":1,"60":1,"61":1},"f":{"0":0,"1":0},"b":{},"_coverageSchema":"1a1c01bbd47fc00a2c39e90264f33305004495a9","hash":"fc6800a4d92bab8b0ac0f9cc93dfa6d52c25c114"}
,"/Users/dattasandeepchoragudi/html/WebstormProjects/Genesis/routes/adminRoutes.js": {"path":"/Users/dattasandeepchoragudi/html/WebstormProjects/Genesis/routes/adminRoutes.js","statementMap":{"0":{"start":{"line":1,"column":14},"end":{"line":1,"column":32}},"1":{"start":{"line":3,"column":15},"end":{"line":3,"column":31}},"2":{"start":{"line":5,"column":22},"end":{"line":5,"column":56}},"3":{"start":{"line":6,"column":21},"end":{"line":6,"column":54}},"4":{"start":{"line":7,"column":24},"end":{"line":7,"column":55}},"5":{"start":{"line":11,"column":0},"end":{"line":11,"column":43}},"6":{"start":{"line":14,"column":0},"end":{"line":14,"column":62}},"7":{"start":{"line":15,"column":0},"end":{"line":15,"column":55}},"8":{"start":{"line":16,"column":0},"end":{"line":16,"column":57}},"9":{"start":{"line":17,"column":0},"end":{"line":17,"column":74}},"10":{"start":{"line":18,"column":0},"end":{"line":18,"column":72}},"11":{"start":{"line":19,"column":0},"end":{"line":19,"column":88}},"12":{"start":{"line":20,"column":0},"end":{"line":20,"column":86}},"13":{"start":{"line":21,"column":0},"end":{"line":21,"column":49}},"14":{"start":{"line":22,"column":0},"end":{"line":22,"column":59}},"15":{"start":{"line":24,"column":0},"end":{"line":24,"column":46}},"16":{"start":{"line":26,"column":0},"end":{"line":26,"column":52}},"17":{"start":{"line":27,"column":0},"end":{"line":27,"column":54}},"18":{"start":{"line":28,"column":0},"end":{"line":28,"column":60}},"19":{"start":{"line":29,"column":0},"end":{"line":29,"column":71}},"20":{"start":{"line":31,"column":0},"end":{"line":31,"column":53}},"21":{"start":{"line":32,"column":0},"end":{"line":32,"column":55}},"22":{"start":{"line":33,"column":0},"end":{"line":33,"column":59}},"23":{"start":{"line":35,"column":0},"end":{"line":35,"column":64}},"24":{"start":{"line":36,"column":0},"end":{"line":36,"column":68}},"25":{"start":{"line":37,"column":0},"end":{"line":37,"column":78}},"26":{"start":{"line":38,"column":0},"end":{"line":38,"column":92}},"27":{"start":{"line":39,"column":0},"end":{"line":39,"column":88}},"28":{"start":{"line":40,"column":0},"end":{"line":40,"column":98}},"29":{"start":{"line":41,"column":0},"end":{"line":41,"column":86}},"30":{"start":{"line":42,"column":0},"end":{"line":42,"column":82}},"31":{"start":{"line":43,"column":0},"end":{"line":43,"column":92}},"32":{"start":{"line":44,"column":0},"end":{"line":44,"column":84}},"33":{"start":{"line":45,"column":0},"end":{"line":45,"column":49}},"34":{"start":{"line":46,"column":0},"end":{"line":46,"column":59}},"35":{"start":{"line":47,"column":0},"end":{"line":47,"column":52}},"36":{"start":{"line":48,"column":0},"end":{"line":48,"column":63}},"37":{"start":{"line":49,"column":0},"end":{"line":49,"column":53}},"38":{"start":{"line":50,"column":0},"end":{"line":50,"column":57}},"39":{"start":{"line":51,"column":0},"end":{"line":51,"column":59}},"40":{"start":{"line":52,"column":0},"end":{"line":52,"column":55}},"41":{"start":{"line":53,"column":0},"end":{"line":53,"column":70}},"42":{"start":{"line":54,"column":0},"end":{"line":54,"column":82}},"43":{"start":{"line":55,"column":0},"end":{"line":55,"column":52}},"44":{"start":{"line":56,"column":0},"end":{"line":56,"column":58}},"45":{"start":{"line":57,"column":0},"end":{"line":57,"column":58}},"46":{"start":{"line":58,"column":0},"end":{"line":58,"column":58}},"47":{"start":{"line":59,"column":0},"end":{"line":59,"column":56}},"48":{"start":{"line":60,"column":0},"end":{"line":60,"column":62}},"49":{"start":{"line":61,"column":0},"end":{"line":61,"column":59}},"50":{"start":{"line":62,"column":0},"end":{"line":62,"column":58}},"51":{"start":{"line":63,"column":0},"end":{"line":63,"column":64}},"52":{"start":{"line":64,"column":0},"end":{"line":64,"column":48}},"53":{"start":{"line":65,"column":0},"end":{"line":65,"column":23}}},"fnMap":{},"branchMap":{},"s":{"0":1,"1":1,"2":1,"3":1,"4":1,"5":1,"6":1,"7":1,"8":1,"9":1,"10":1,"11":1,"12":1,"13":1,"14":1,"15":1,"16":1,"17":1,"18":1,"19":1,"20":1,"21":1,"22":1,"23":1,"24":1,"25":1,"26":1,"27":1,"28":1,"29":1,"30":1,"31":1,"32":1,"33":1,"34":1,"35":1,"36":1,"37":1,"38":1,"39":1,"40":1,"41":1,"42":1,"43":1,"44":1,"45":1,"46":1,"47":1,"48":1,"49":1,"50":1,"51":1,"52":1,"53":1},"f":{},"b":{},"_coverageSchema":"1a1c01bbd47fc00a2c39e90264f33305004495a9","hash":"6196ddb35341f512a09d808e584b77cdfc025f21"}
}
