TN:
SF:app.js
FN:73,(anonymous_0)
FN:80,(anonymous_1)
FN:84,(anonymous_2)
FN:88,(anonymous_3)
FN:92,(anonymous_4)
FN:97,(anonymous_5)
FN:101,(anonymous_6)
FN:104,(anonymous_7)
FN:111,(anonymous_8)
FN:116,(anonymous_9)
FN:121,(anonymous_10)
FN:125,(anonymous_11)
FNF:12
FNH:0
FNDA:0,(anonymous_0)
FNDA:0,(anonymous_1)
FNDA:0,(anonymous_2)
FNDA:0,(anonymous_3)
FNDA:0,(anonymous_4)
FNDA:0,(anonymous_5)
FNDA:0,(anonymous_6)
FNDA:0,(anonymous_7)
FNDA:0,(anonymous_8)
FNDA:0,(anonymous_9)
FNDA:0,(anonymous_10)
FNDA:0,(anonymous_11)
DA:2,1
DA:4,1
DA:5,1
DA:6,1
DA:7,1
DA:8,1
DA:9,1
DA:10,1
DA:11,1
DA:12,1
DA:13,1
DA:14,1
DA:15,1
DA:16,1
DA:17,1
DA:18,1
DA:19,1
DA:20,1
DA:21,1
DA:22,1
DA:23,1
DA:24,1
DA:25,1
DA:26,1
DA:28,1
DA:30,1
DA:35,1
DA:45,1
DA:52,1
DA:60,1
DA:61,1
DA:63,1
DA:70,1
DA:71,1
DA:73,1
DA:74,0
DA:75,0
DA:77,0
DA:79,0
DA:81,0
DA:82,0
DA:84,0
DA:85,0
DA:87,0
DA:89,0
DA:90,0
DA:92,0
DA:94,0
DA:96,0
DA:98,0
DA:99,0
DA:101,0
DA:104,1
DA:105,0
DA:107,0
DA:111,1
DA:112,0
DA:113,0
DA:116,1
DA:117,0
DA:120,1
DA:122,0
DA:126,0
DA:130,1
LF:64
LH:40
BRDA:74,0,0,0
BRDA:74,0,1,0
BRDA:77,1,0,0
BRDA:77,1,1,0
BRDA:85,2,0,0
BRDA:85,2,1,0
BRDA:94,3,0,0
BRDA:94,3,1,0
BRF:8
BRH:0
end_of_record
TN:
SF:controllers/admin.js
FN:33,(anonymous_0)
FN:49,(anonymous_1)
FN:51,(anonymous_2)
FN:60,(anonymous_3)
FN:62,(anonymous_4)
FN:70,(anonymous_5)
FN:79,(anonymous_6)
FN:84,(anonymous_7)
FN:89,(anonymous_8)
FN:96,(anonymous_9)
FN:101,(anonymous_10)
FN:105,(anonymous_11)
FN:109,(anonymous_12)
FN:113,(anonymous_13)
FN:118,(anonymous_14)
FN:124,(anonymous_15)
FN:126,(anonymous_16)
FN:158,(anonymous_17)
FN:161,(anonymous_18)
FN:192,(anonymous_19)
FN:195,(anonymous_20)
FN:233,(anonymous_21)
FN:239,(anonymous_22)
FN:262,(anonymous_23)
FN:276,(anonymous_24)
FN:280,(anonymous_25)
FN:283,(anonymous_26)
FN:287,(anonymous_27)
FN:291,(anonymous_28)
FN:295,(anonymous_29)
FN:301,(anonymous_30)
FN:319,(anonymous_31)
FN:332,(anonymous_32)
FN:366,(anonymous_33)
FN:372,(anonymous_34)
FN:395,(anonymous_35)
FN:413,(anonymous_36)
FN:447,(anonymous_37)
FN:462,(anonymous_38)
FN:479,(anonymous_39)
FN:518,(anonymous_40)
FN:531,(anonymous_41)
FN:543,(anonymous_42)
FN:581,(anonymous_43)
FN:585,(anonymous_44)
FN:599,(anonymous_45)
FN:612,(anonymous_46)
FN:618,(anonymous_47)
FN:623,(anonymous_48)
FN:630,(anonymous_49)
FN:633,(anonymous_50)
FN:648,(anonymous_51)
FN:653,(anonymous_52)
FN:658,(anonymous_53)
FN:686,(anonymous_54)
FN:694,(anonymous_55)
FN:702,(anonymous_56)
FN:708,(anonymous_57)
FN:744,(anonymous_58)
FN:752,(anonymous_59)
FN:770,(anonymous_60)
FN:786,(anonymous_61)
FN:789,(anonymous_62)
FNF:63
FNH:1
FNDA:0,(anonymous_0)
FNDA:0,(anonymous_1)
FNDA:0,(anonymous_2)
FNDA:0,(anonymous_3)
FNDA:0,(anonymous_4)
FNDA:1,(anonymous_5)
FNDA:0,(anonymous_6)
FNDA:0,(anonymous_7)
FNDA:0,(anonymous_8)
FNDA:0,(anonymous_9)
FNDA:0,(anonymous_10)
FNDA:0,(anonymous_11)
FNDA:0,(anonymous_12)
FNDA:0,(anonymous_13)
FNDA:0,(anonymous_14)
FNDA:0,(anonymous_15)
FNDA:0,(anonymous_16)
FNDA:0,(anonymous_17)
FNDA:0,(anonymous_18)
FNDA:0,(anonymous_19)
FNDA:0,(anonymous_20)
FNDA:0,(anonymous_21)
FNDA:0,(anonymous_22)
FNDA:0,(anonymous_23)
FNDA:0,(anonymous_24)
FNDA:0,(anonymous_25)
FNDA:0,(anonymous_26)
FNDA:0,(anonymous_27)
FNDA:0,(anonymous_28)
FNDA:0,(anonymous_29)
FNDA:0,(anonymous_30)
FNDA:0,(anonymous_31)
FNDA:0,(anonymous_32)
FNDA:0,(anonymous_33)
FNDA:0,(anonymous_34)
FNDA:0,(anonymous_35)
FNDA:0,(anonymous_36)
FNDA:0,(anonymous_37)
FNDA:0,(anonymous_38)
FNDA:0,(anonymous_39)
FNDA:0,(anonymous_40)
FNDA:0,(anonymous_41)
FNDA:0,(anonymous_42)
FNDA:0,(anonymous_43)
FNDA:0,(anonymous_44)
FNDA:0,(anonymous_45)
FNDA:0,(anonymous_46)
FNDA:0,(anonymous_47)
FNDA:0,(anonymous_48)
FNDA:0,(anonymous_49)
FNDA:0,(anonymous_50)
FNDA:0,(anonymous_51)
FNDA:0,(anonymous_52)
FNDA:0,(anonymous_53)
FNDA:0,(anonymous_54)
FNDA:0,(anonymous_55)
FNDA:0,(anonymous_56)
FNDA:0,(anonymous_57)
FNDA:0,(anonymous_58)
FNDA:0,(anonymous_59)
FNDA:0,(anonymous_60)
FNDA:0,(anonymous_61)
FNDA:0,(anonymous_62)
DA:2,1
DA:3,1
DA:5,1
DA:7,1
DA:8,1
DA:9,1
DA:10,1
DA:11,1
DA:12,1
DA:13,1
DA:14,1
DA:15,1
DA:16,1
DA:17,1
DA:21,1
DA:33,1
DA:35,0
DA:36,0
DA:37,0
DA:38,0
DA:40,0
DA:46,0
DA:49,1
DA:51,0
DA:54,0
DA:60,1
DA:61,0
DA:62,0
DA:63,0
DA:64,0
DA:66,0
DA:70,1
DA:72,1
DA:73,1
DA:79,1
DA:81,0
DA:82,0
DA:83,0
DA:85,0
DA:86,0
DA:90,0
DA:96,1
DA:97,0
DA:99,0
DA:102,0
DA:105,1
DA:106,0
DA:107,0
DA:110,0
DA:113,1
DA:114,0
DA:116,0
DA:119,0
DA:120,0
DA:121,0
DA:124,1
DA:125,0
DA:126,0
DA:127,0
DA:128,0
DA:158,1
DA:159,0
DA:161,0
DA:162,0
DA:192,1
DA:193,0
DA:194,0
DA:195,0
DA:197,0
DA:198,0
DA:233,1
DA:234,0
DA:235,0
DA:236,0
DA:237,0
DA:238,0
DA:240,0
DA:241,0
DA:242,0
DA:243,0
DA:244,0
DA:245,0
DA:246,0
DA:247,0
DA:248,0
DA:249,0
DA:252,0
DA:262,0
DA:263,0
DA:267,0
DA:268,0
DA:269,0
DA:270,0
DA:271,0
DA:272,0
DA:276,1
DA:277,0
DA:279,1
DA:280,1
DA:281,0
DA:283,1
DA:284,0
DA:287,1
DA:288,0
DA:291,1
DA:292,0
DA:295,1
DA:296,0
DA:297,0
DA:298,0
DA:299,0
DA:300,0
DA:302,0
DA:303,0
DA:304,0
DA:305,0
DA:306,0
DA:307,0
DA:308,0
DA:309,0
DA:310,0
DA:311,0
DA:314,0
DA:319,0
DA:320,0
DA:324,0
DA:325,0
DA:326,0
DA:327,0
DA:328,0
DA:329,0
DA:332,1
DA:333,0
DA:334,0
DA:335,0
DA:336,0
DA:337,0
DA:338,0
DA:339,0
DA:340,0
DA:341,0
DA:342,0
DA:343,0
DA:344,0
DA:345,0
DA:346,0
DA:347,0
DA:350,0
DA:353,0
DA:354,0
DA:355,0
DA:359,0
DA:360,0
DA:361,0
DA:362,0
DA:363,0
DA:366,1
DA:367,0
DA:368,0
DA:369,0
DA:370,0
DA:371,0
DA:373,0
DA:374,0
DA:375,0
DA:376,0
DA:377,0
DA:378,0
DA:379,0
DA:380,0
DA:381,0
DA:382,0
DA:385,0
DA:395,0
DA:396,0
DA:400,0
DA:401,0
DA:402,0
DA:404,0
DA:405,0
DA:413,1
DA:414,0
DA:417,0
DA:418,0
DA:419,0
DA:438,0
DA:440,0
DA:441,0
DA:442,0
DA:444,0
DA:445,0
DA:447,0
DA:449,0
DA:450,0
DA:457,0
DA:462,0
DA:463,0
DA:469,0
DA:479,1
DA:480,0
DA:483,0
DA:484,0
DA:486,0
DA:506,0
DA:508,0
DA:509,0
DA:510,0
DA:511,0
DA:512,0
DA:513,0
DA:518,0
DA:520,0
DA:521,0
DA:527,0
DA:531,0
DA:532,0
DA:538,0
DA:543,1
DA:544,0
DA:547,0
DA:548,0
DA:551,0
DA:571,0
DA:573,0
DA:574,0
DA:575,0
DA:576,0
DA:577,0
DA:578,0
DA:582,0
DA:585,0
DA:587,0
DA:588,0
DA:597,0
DA:599,0
DA:600,0
DA:601,0
DA:607,0
DA:612,1
DA:613,0
DA:614,0
DA:618,1
DA:619,0
DA:620,0
DA:623,1
DA:624,0
DA:625,0
DA:626,0
DA:627,0
DA:630,1
DA:631,0
DA:632,0
DA:633,0
DA:634,0
DA:635,0
DA:636,0
DA:637,0
DA:638,0
DA:644,0
DA:648,1
DA:649,0
DA:650,0
DA:653,1
DA:654,0
DA:655,0
DA:656,0
DA:657,0
DA:659,0
DA:660,0
DA:661,0
DA:662,0
DA:663,0
DA:664,0
DA:665,0
DA:666,0
DA:667,0
DA:670,0
DA:676,0
DA:677,0
DA:678,0
DA:680,0
DA:681,0
DA:686,1
DA:687,0
DA:688,0
DA:689,0
DA:694,1
DA:696,0
DA:697,0
DA:698,0
DA:702,1
DA:703,0
DA:705,0
DA:708,1
DA:709,0
DA:710,0
DA:711,0
DA:714,0
DA:715,0
DA:716,0
DA:718,0
DA:720,0
DA:721,0
DA:722,0
DA:723,0
DA:724,0
DA:725,0
DA:726,0
DA:727,0
DA:728,0
DA:729,0
DA:730,0
DA:733,0
DA:734,0
DA:744,1
DA:746,0
DA:748,0
DA:749,0
DA:752,1
DA:754,0
DA:758,0
DA:759,0
DA:766,0
DA:770,1
DA:771,0
DA:772,0
DA:773,0
DA:775,0
DA:776,0
DA:778,0
DA:781,0
DA:782,0
DA:786,1
DA:787,0
DA:788,0
DA:789,0
DA:797,0
DA:799,0
DA:800,0
LF:339
LH:55
BRDA:236,0,0,0
BRDA:236,0,1,0
BRDA:237,1,0,0
BRDA:237,1,1,0
BRDA:247,2,0,0
BRDA:247,2,1,0
BRDA:247,3,0,0
BRDA:247,3,1,0
BRDA:247,3,2,0
BRDA:267,4,0,0
BRDA:267,4,1,0
BRDA:298,5,0,0
BRDA:298,5,1,0
BRDA:299,6,0,0
BRDA:299,6,1,0
BRDA:309,7,0,0
BRDA:309,7,1,0
BRDA:309,8,0,0
BRDA:309,8,1,0
BRDA:309,8,2,0
BRDA:324,9,0,0
BRDA:324,9,1,0
BRDA:335,10,0,0
BRDA:335,10,1,0
BRDA:336,11,0,0
BRDA:336,11,1,0
BRDA:339,12,0,0
BRDA:339,12,1,0
BRDA:345,13,0,0
BRDA:345,13,1,0
BRDA:345,14,0,0
BRDA:345,14,1,0
BRDA:345,14,2,0
BRDA:359,15,0,0
BRDA:359,15,1,0
BRDA:369,16,0,0
BRDA:369,16,1,0
BRDA:370,17,0,0
BRDA:370,17,1,0
BRDA:380,18,0,0
BRDA:380,18,1,0
BRDA:380,19,0,0
BRDA:380,19,1,0
BRDA:380,19,2,0
BRDA:400,20,0,0
BRDA:400,20,1,0
BRDA:414,21,0,0
BRDA:414,21,1,0
BRDA:442,22,0,0
BRDA:442,22,1,0
BRDA:480,23,0,0
BRDA:480,23,1,0
BRDA:511,24,0,0
BRDA:511,24,1,0
BRDA:544,25,0,0
BRDA:544,25,1,0
BRDA:576,26,0,0
BRDA:576,26,1,0
BRDA:636,27,0,0
BRDA:636,27,1,0
BRDA:656,28,0,0
BRDA:656,28,1,0
BRDA:665,29,0,0
BRDA:665,29,1,0
BRDA:665,30,0,0
BRDA:665,30,1,0
BRDA:665,30,2,0
BRDA:676,31,0,0
BRDA:676,31,1,0
BRDA:714,32,0,0
BRDA:714,32,1,0
BRDA:718,33,0,0
BRDA:718,33,1,0
BRDA:728,34,0,0
BRDA:728,34,1,0
BRDA:728,35,0,0
BRDA:728,35,1,0
BRDA:728,35,2,0
BRDA:775,36,0,0
BRDA:775,36,1,0
BRF:80
BRH:0
end_of_record
TN:
SF:controllers/files.js
FN:11,(anonymous_0)
FN:21,(anonymous_1)
FN:52,(anonymous_2)
FN:61,(anonymous_3)
FN:92,(anonymous_4)
FN:101,(anonymous_5)
FN:135,(anonymous_6)
FN:148,(anonymous_7)
FN:172,(anonymous_8)
FNF:9
FNH:0
FNDA:0,(anonymous_0)
FNDA:0,(anonymous_1)
FNDA:0,(anonymous_2)
FNDA:0,(anonymous_3)
FNDA:0,(anonymous_4)
FNDA:0,(anonymous_5)
FNDA:0,(anonymous_6)
FNDA:0,(anonymous_7)
FNDA:0,(anonymous_8)
DA:2,1
DA:3,1
DA:4,1
DA:5,1
DA:8,1
DA:11,1
DA:12,0
DA:13,0
DA:17,1
DA:18,1
DA:19,1
DA:21,1
DA:22,0
DA:23,0
DA:24,0
DA:52,0
DA:53,0
DA:56,0
DA:57,0
DA:61,1
DA:63,0
DA:92,0
DA:93,0
DA:96,0
DA:97,0
DA:101,1
DA:102,0
DA:104,0
DA:105,0
DA:135,0
DA:136,0
DA:139,0
DA:140,0
DA:148,1
DA:149,0
DA:150,0
DA:151,0
DA:152,0
DA:153,0
DA:154,0
DA:156,0
DA:158,0
DA:160,0
DA:161,0
DA:164,0
DA:166,0
DA:167,0
DA:172,1
DA:173,0
DA:174,0
DA:175,0
DA:177,0
DA:178,0
DA:179,0
DA:181,0
DA:183,0
DA:185,0
DA:186,0
DA:189,0
DA:190,0
DA:193,0
DA:195,0
DA:197,0
DA:198,0
LF:64
LH:14
BRF:0
BRH:0
end_of_record
TN:
SF:controllers/user.test.js
FN:44,(anonymous_0)
FN:103,(anonymous_1)
FN:106,(anonymous_2)
FN:112,(anonymous_3)
FN:117,(anonymous_4)
FN:124,(anonymous_5)
FN:128,(anonymous_6)
FN:132,(anonymous_7)
FN:136,(anonymous_8)
FN:141,(anonymous_9)
FN:145,(anonymous_10)
FN:147,(anonymous_11)
FN:152,(anonymous_12)
FN:160,(anonymous_13)
FN:191,(anonymous_14)
FN:195,(anonymous_15)
FN:205,(anonymous_16)
FN:208,(anonymous_17)
FN:209,(anonymous_18)
FN:215,(anonymous_19)
FN:222,(anonymous_20)
FN:231,(anonymous_21)
FN:235,(anonymous_22)
FN:236,(anonymous_23)
FN:241,(anonymous_24)
FN:242,(anonymous_25)
FN:244,(anonymous_26)
FN:248,(anonymous_27)
FN:252,(anonymous_28)
FN:255,(anonymous_29)
FN:259,(anonymous_30)
FN:263,(anonymous_31)
FN:266,(anonymous_32)
FN:269,(anonymous_33)
FN:272,(anonymous_34)
FN:277,(anonymous_35)
FN:279,(anonymous_36)
FN:290,(anonymous_37)
FN:301,(anonymous_38)
FN:329,(anonymous_39)
FN:358,(anonymous_40)
FN:365,(anonymous_41)
FN:378,(anonymous_42)
FN:494,(anonymous_43)
FN:499,(anonymous_44)
FN:513,(anonymous_45)
FN:564,(anonymous_46)
FN:609,(anonymous_47)
FN:656,(anonymous_48)
FN:665,(anonymous_49)
FN:678,(anonymous_50)
FN:681,(anonymous_51)
FN:686,(anonymous_52)
FN:695,(anonymous_53)
FN:698,(anonymous_54)
FN:704,(anonymous_55)
FN:708,(anonymous_56)
FN:719,(anonymous_57)
FN:728,(anonymous_58)
FN:737,(anonymous_59)
FN:745,(anonymous_60)
FN:751,(anonymous_61)
FN:759,(anonymous_62)
FN:767,(anonymous_63)
FN:777,(anonymous_64)
FN:791,(anonymous_65)
FN:805,(anonymous_66)
FN:896,(anonymous_67)
FN:899,(anonymous_68)
FN:907,(anonymous_69)
FN:950,(anonymous_70)
FN:965,(anonymous_71)
FN:968,(anonymous_72)
FN:973,(anonymous_73)
FN:974,(anonymous_74)
FN:976,(anonymous_75)
FN:984,(anonymous_76)
FN:987,(anonymous_77)
FN:991,(anonymous_78)
FN:996,(anonymous_79)
FN:997,(anonymous_80)
FN:999,(anonymous_81)
FN:1007,(anonymous_82)
FN:1010,(anonymous_83)
FN:1014,(anonymous_84)
FN:1020,(anonymous_85)
FN:1057,(anonymous_86)
FN:1067,(anonymous_87)
FN:1089,(anonymous_88)
FN:1094,(anonymous_89)
FN:1108,(anonymous_90)
FN:1116,(anonymous_91)
FN:1125,(anonymous_92)
FN:1143,(anonymous_93)
FN:1157,(anonymous_94)
FN:1187,(anonymous_95)
FN:1202,(anonymous_96)
FNF:97
FNH:4
FNDA:0,(anonymous_0)
FNDA:0,(anonymous_1)
FNDA:0,(anonymous_2)
FNDA:0,(anonymous_3)
FNDA:0,(anonymous_4)
FNDA:0,(anonymous_5)
FNDA:0,(anonymous_6)
FNDA:0,(anonymous_7)
FNDA:0,(anonymous_8)
FNDA:0,(anonymous_9)
FNDA:0,(anonymous_10)
FNDA:0,(anonymous_11)
FNDA:0,(anonymous_12)
FNDA:0,(anonymous_13)
FNDA:0,(anonymous_14)
FNDA:0,(anonymous_15)
FNDA:0,(anonymous_16)
FNDA:0,(anonymous_17)
FNDA:0,(anonymous_18)
FNDA:0,(anonymous_19)
FNDA:0,(anonymous_20)
FNDA:0,(anonymous_21)
FNDA:0,(anonymous_22)
FNDA:0,(anonymous_23)
FNDA:0,(anonymous_24)
FNDA:0,(anonymous_25)
FNDA:0,(anonymous_26)
FNDA:0,(anonymous_27)
FNDA:0,(anonymous_28)
FNDA:0,(anonymous_29)
FNDA:0,(anonymous_30)
FNDA:0,(anonymous_31)
FNDA:0,(anonymous_32)
FNDA:0,(anonymous_33)
FNDA:0,(anonymous_34)
FNDA:0,(anonymous_35)
FNDA:0,(anonymous_36)
FNDA:0,(anonymous_37)
FNDA:0,(anonymous_38)
FNDA:0,(anonymous_39)
FNDA:0,(anonymous_40)
FNDA:0,(anonymous_41)
FNDA:0,(anonymous_42)
FNDA:0,(anonymous_43)
FNDA:0,(anonymous_44)
FNDA:0,(anonymous_45)
FNDA:0,(anonymous_46)
FNDA:0,(anonymous_47)
FNDA:0,(anonymous_48)
FNDA:0,(anonymous_49)
FNDA:0,(anonymous_50)
FNDA:0,(anonymous_51)
FNDA:0,(anonymous_52)
FNDA:0,(anonymous_53)
FNDA:0,(anonymous_54)
FNDA:0,(anonymous_55)
FNDA:0,(anonymous_56)
FNDA:0,(anonymous_57)
FNDA:0,(anonymous_58)
FNDA:0,(anonymous_59)
FNDA:0,(anonymous_60)
FNDA:0,(anonymous_61)
FNDA:0,(anonymous_62)
FNDA:0,(anonymous_63)
FNDA:1,(anonymous_64)
FNDA:1,(anonymous_65)
FNDA:0,(anonymous_66)
FNDA:0,(anonymous_67)
FNDA:0,(anonymous_68)
FNDA:0,(anonymous_69)
FNDA:0,(anonymous_70)
FNDA:0,(anonymous_71)
FNDA:0,(anonymous_72)
FNDA:0,(anonymous_73)
FNDA:0,(anonymous_74)
FNDA:0,(anonymous_75)
FNDA:0,(anonymous_76)
FNDA:0,(anonymous_77)
FNDA:0,(anonymous_78)
FNDA:0,(anonymous_79)
FNDA:0,(anonymous_80)
FNDA:0,(anonymous_81)
FNDA:0,(anonymous_82)
FNDA:0,(anonymous_83)
FNDA:0,(anonymous_84)
FNDA:0,(anonymous_85)
FNDA:0,(anonymous_86)
FNDA:0,(anonymous_87)
FNDA:0,(anonymous_88)
FNDA:0,(anonymous_89)
FNDA:0,(anonymous_90)
FNDA:0,(anonymous_91)
FNDA:0,(anonymous_92)
FNDA:0,(anonymous_93)
FNDA:0,(anonymous_94)
FNDA:3,(anonymous_95)
FNDA:2,(anonymous_96)
DA:1,1
DA:2,1
DA:3,1
DA:5,1
DA:6,1
DA:7,1
DA:8,1
DA:9,1
DA:10,1
DA:11,1
DA:12,1
DA:13,1
DA:14,1
DA:15,1
DA:16,1
DA:17,1
DA:18,1
DA:19,1
DA:20,1
DA:21,1
DA:22,1
DA:33,1
DA:43,1
DA:44,1
DA:52,0
DA:53,0
DA:54,0
DA:55,0
DA:56,0
DA:57,0
DA:59,0
DA:60,0
DA:61,0
DA:62,0
DA:63,0
DA:64,0
DA:65,0
DA:67,0
DA:68,0
DA:69,0
DA:70,0
DA:73,0
DA:76,0
DA:77,0
DA:79,0
DA:82,0
DA:83,0
DA:85,0
DA:89,0
DA:93,0
DA:94,0
DA:98,0
DA:103,1
DA:104,0
DA:106,1
DA:108,0
DA:109,0
DA:110,0
DA:112,1
DA:113,0
DA:114,0
DA:115,0
DA:117,1
DA:118,0
DA:119,0
DA:120,0
DA:121,0
DA:124,1
DA:125,0
DA:128,1
DA:129,0
DA:132,1
DA:133,0
DA:136,1
DA:137,0
DA:139,1
DA:141,1
DA:143,0
DA:145,1
DA:146,0
DA:147,0
DA:148,0
DA:152,1
DA:153,0
DA:154,0
DA:155,0
DA:156,0
DA:160,1
DA:162,0
DA:163,0
DA:166,0
DA:167,0
DA:172,0
DA:173,0
DA:178,0
DA:180,0
DA:191,1
DA:192,0
DA:195,1
DA:196,0
DA:198,1
DA:205,1
DA:206,0
DA:208,1
DA:209,0
DA:210,0
DA:211,0
DA:215,1
DA:216,0
DA:218,1
DA:222,1
DA:223,0
DA:224,0
DA:225,0
DA:226,0
DA:228,0
DA:231,1
DA:232,0
DA:235,1
DA:236,0
DA:241,1
DA:242,0
DA:243,0
DA:245,0
DA:248,1
DA:249,0
DA:250,0
DA:251,0
DA:252,0
DA:253,0
DA:256,0
DA:259,1
DA:260,0
DA:263,1
DA:264,0
DA:266,1
DA:267,0
DA:269,1
DA:270,0
DA:272,1
DA:273,0
DA:277,1
DA:278,0
DA:279,0
DA:280,0
DA:288,1
DA:290,1
DA:291,0
DA:292,0
DA:293,0
DA:294,0
DA:295,0
DA:296,0
DA:297,0
DA:298,0
DA:299,0
DA:300,0
DA:301,0
DA:302,0
DA:303,0
DA:304,0
DA:305,0
DA:306,0
DA:307,0
DA:309,0
DA:310,0
DA:311,0
DA:312,0
DA:313,0
DA:314,0
DA:315,0
DA:316,0
DA:329,0
DA:331,0
DA:334,0
DA:335,0
DA:336,0
DA:337,0
DA:346,0
DA:347,0
DA:348,0
DA:349,0
DA:354,0
DA:360,0
DA:361,0
DA:365,1
DA:366,0
DA:367,0
DA:368,0
DA:369,0
DA:370,0
DA:371,0
DA:372,0
DA:373,0
DA:374,0
DA:375,0
DA:377,0
DA:379,0
DA:380,0
DA:381,0
DA:382,0
DA:383,0
DA:384,0
DA:385,0
DA:386,0
DA:397,0
DA:398,0
DA:399,0
DA:400,0
DA:401,0
DA:403,0
DA:484,0
DA:486,0
DA:487,0
DA:488,0
DA:489,0
DA:495,0
DA:496,0
DA:499,1
DA:500,0
DA:501,0
DA:504,0
DA:505,0
DA:506,0
DA:507,0
DA:508,0
DA:509,0
DA:510,0
DA:512,0
DA:513,0
DA:514,0
DA:515,0
DA:516,0
DA:517,0
DA:518,0
DA:520,0
DA:522,0
DA:525,0
DA:527,0
DA:528,0
DA:529,0
DA:530,0
DA:553,0
DA:559,0
DA:560,0
DA:561,0
DA:562,0
DA:563,0
DA:564,0
DA:565,0
DA:566,0
DA:567,0
DA:569,0
DA:570,0
DA:572,0
DA:589,0
DA:592,0
DA:593,0
DA:594,0
DA:595,0
DA:602,0
DA:606,0
DA:607,0
DA:608,0
DA:609,0
DA:610,0
DA:611,0
DA:612,0
DA:613,0
DA:614,0
DA:616,0
DA:617,0
DA:633,0
DA:636,0
DA:637,0
DA:638,0
DA:639,0
DA:645,0
DA:646,0
DA:656,1
DA:660,0
DA:661,0
DA:665,1
DA:667,0
DA:668,0
DA:669,0
DA:671,0
DA:678,0
DA:679,0
DA:680,0
DA:682,0
DA:686,1
DA:687,0
DA:688,0
DA:689,0
DA:690,0
DA:696,0
DA:699,0
DA:704,1
DA:705,0
DA:708,1
DA:709,0
DA:710,0
DA:711,0
DA:712,0
DA:713,0
DA:714,0
DA:715,0
DA:716,0
DA:718,0
DA:721,0
DA:725,0
DA:727,0
DA:729,0
DA:731,0
DA:736,0
DA:739,0
DA:745,1
DA:747,0
DA:748,0
DA:751,0
DA:753,0
DA:754,0
DA:756,0
DA:758,0
DA:759,0
DA:761,0
DA:762,0
DA:764,0
DA:766,0
DA:767,0
DA:769,0
DA:770,0
DA:772,0
DA:777,1
DA:779,1
DA:780,1
DA:781,1
DA:782,1
DA:783,1
DA:784,1
DA:790,1
DA:792,1
DA:794,1
DA:801,1
DA:805,1
DA:806,0
DA:807,0
DA:808,0
DA:809,0
DA:810,0
DA:811,0
DA:813,0
DA:815,0
DA:816,0
DA:819,0
DA:820,0
DA:821,0
DA:822,0
DA:823,0
DA:824,0
DA:826,0
DA:828,0
DA:830,0
DA:831,0
DA:832,0
DA:833,0
DA:835,0
DA:837,0
DA:840,0
DA:841,0
DA:842,0
DA:843,0
DA:844,0
DA:845,0
DA:847,0
DA:849,0
DA:852,0
DA:853,0
DA:855,0
DA:896,0
DA:897,0
DA:900,0
DA:907,1
DA:908,0
DA:910,0
DA:911,0
DA:917,0
DA:919,0
DA:920,0
DA:921,0
DA:922,0
DA:924,0
DA:925,0
DA:926,0
DA:928,0
DA:929,0
DA:930,0
DA:931,0
DA:933,0
DA:937,0
DA:938,0
DA:940,0
DA:942,0
DA:944,0
DA:945,0
DA:950,1
DA:951,0
DA:952,0
DA:953,0
DA:954,0
DA:955,0
DA:956,0
DA:957,0
DA:958,0
DA:964,0
DA:965,0
DA:966,0
DA:969,0
DA:972,0
DA:973,0
DA:974,0
DA:975,0
DA:977,0
DA:978,0
DA:984,0
DA:985,0
DA:988,0
DA:992,0
DA:995,0
DA:996,0
DA:997,0
DA:998,0
DA:1000,0
DA:1001,0
DA:1007,0
DA:1008,0
DA:1011,0
DA:1015,0
DA:1018,0
DA:1020,1
DA:1021,0
DA:1022,0
DA:1023,0
DA:1024,0
DA:1025,0
DA:1026,0
DA:1027,0
DA:1028,0
DA:1029,0
DA:1030,0
DA:1036,0
DA:1037,0
DA:1038,0
DA:1039,0
DA:1040,0
DA:1043,0
DA:1044,0
DA:1045,0
DA:1046,0
DA:1047,0
DA:1048,0
DA:1049,0
DA:1051,0
DA:1052,0
DA:1054,0
DA:1055,0
DA:1056,0
DA:1057,0
DA:1058,0
DA:1067,0
DA:1068,0
DA:1075,0
DA:1082,0
DA:1085,0
DA:1089,1
DA:1090,0
DA:1091,0
DA:1094,1
DA:1095,0
DA:1096,0
DA:1097,0
DA:1098,0
DA:1099,0
DA:1100,0
DA:1101,0
DA:1102,0
DA:1103,0
DA:1104,0
DA:1105,0
DA:1106,0
DA:1107,0
DA:1108,0
DA:1109,0
DA:1110,0
DA:1113,0
DA:1114,0
DA:1115,0
DA:1116,0
DA:1117,0
DA:1118,0
DA:1123,0
DA:1124,0
DA:1125,0
DA:1126,0
DA:1127,0
DA:1136,0
DA:1143,1
DA:1144,0
DA:1145,0
DA:1146,0
DA:1147,0
DA:1148,0
DA:1149,0
DA:1150,0
DA:1153,0
DA:1154,0
DA:1157,1
DA:1159,0
DA:1160,0
DA:1161,0
DA:1163,0
DA:1164,0
DA:1165,0
DA:1167,0
DA:1168,0
DA:1169,0
DA:1171,0
DA:1172,0
DA:1173,0
DA:1175,0
DA:1177,0
DA:1178,0
DA:1179,0
DA:1180,0
DA:1183,0
DA:1187,1
DA:1188,3
DA:1189,3
DA:1190,3
DA:1191,3
DA:1193,3
DA:1194,2
DA:1195,2
DA:1197,2
DA:1198,1
DA:1202,2
DA:1211,1
DA:1213,1
DA:1214,1
LF:550
LH:98
BRDA:57,0,0,0
BRDA:57,0,1,0
BRDA:67,1,0,0
BRDA:67,1,1,0
BRDA:73,2,0,0
BRDA:73,2,1,0
BRDA:82,3,0,0
BRDA:82,3,1,0
BRDA:162,4,0,0
BRDA:162,4,1,0
BRDA:166,5,0,0
BRDA:166,5,1,0
BRDA:172,6,0,0
BRDA:172,6,1,0
BRDA:178,7,0,0
BRDA:178,7,1,0
BRDA:305,8,0,0
BRDA:305,8,1,0
BRDA:314,9,0,0
BRDA:314,9,1,0
BRDA:314,10,0,0
BRDA:314,10,1,0
BRDA:346,11,0,0
BRDA:346,11,1,0
BRDA:348,12,0,0
BRDA:348,12,1,0
BRDA:380,13,0,0
BRDA:380,13,1,0
BRDA:385,14,0,0
BRDA:385,14,1,0
BRDA:385,15,0,0
BRDA:385,15,1,0
BRDA:486,16,0,0
BRDA:486,16,1,0
BRDA:488,17,0,0
BRDA:488,17,1,0
BRDA:509,18,0,0
BRDA:509,18,1,0
BRDA:512,19,0,0
BRDA:512,19,1,0
BRDA:516,20,0,0
BRDA:516,20,1,0
BRDA:520,21,0,0
BRDA:520,21,1,0
BRDA:559,22,0,0
BRDA:559,22,1,0
BRDA:563,23,0,0
BRDA:563,23,1,0
BRDA:567,24,0,0
BRDA:567,24,1,0
BRDA:572,25,0,0
BRDA:572,25,1,0
BRDA:606,26,0,0
BRDA:606,26,1,0
BRDA:608,27,0,0
BRDA:608,27,1,0
BRDA:612,28,0,0
BRDA:612,28,1,0
BRDA:616,29,0,0
BRDA:616,29,1,0
BRDA:617,30,0,0
BRDA:617,30,1,0
BRDA:716,31,0,0
BRDA:716,31,1,0
BRDA:725,32,0,0
BRDA:725,32,1,0
BRDA:748,33,0,0
BRDA:748,33,1,0
BRDA:758,34,0,0
BRDA:758,34,1,0
BRDA:766,35,0,0
BRDA:766,35,1,0
BRDA:816,36,0,0
BRDA:816,36,1,0
BRDA:816,36,2,0
BRDA:816,36,3,0
BRDA:819,37,0,0
BRDA:819,37,1,0
BRDA:821,38,0,0
BRDA:821,38,1,0
BRDA:821,39,0,0
BRDA:821,39,1,0
BRDA:823,40,0,0
BRDA:823,40,1,0
BRDA:823,41,0,0
BRDA:823,41,1,0
BRDA:830,42,0,0
BRDA:830,42,1,0
BRDA:830,43,0,0
BRDA:830,43,1,0
BRDA:832,44,0,0
BRDA:832,44,1,0
BRDA:832,45,0,0
BRDA:832,45,1,0
BRDA:840,46,0,0
BRDA:840,46,1,0
BRDA:842,47,0,0
BRDA:842,47,1,0
BRDA:842,48,0,0
BRDA:842,48,1,0
BRDA:844,49,0,0
BRDA:844,49,1,0
BRDA:844,50,0,0
BRDA:844,50,1,0
BRDA:917,51,0,0
BRDA:917,51,1,0
BRDA:917,51,2,0
BRDA:917,51,3,0
BRDA:956,52,0,0
BRDA:956,52,1,0
BRDA:972,53,0,0
BRDA:972,53,1,0
BRDA:995,54,0,0
BRDA:995,54,1,0
BRDA:1039,55,0,0
BRDA:1039,55,1,0
BRDA:1046,56,0,0
BRDA:1046,56,1,0
BRDA:1048,57,0,0
BRDA:1048,57,1,0
BRDA:1051,58,0,0
BRDA:1051,58,1,0
BRDA:1055,59,0,0
BRDA:1055,59,1,0
BRDA:1102,60,0,0
BRDA:1102,60,1,0
BRDA:1104,61,0,0
BRDA:1104,61,1,0
BRDA:1107,62,0,0
BRDA:1107,62,1,0
BRDA:1113,63,0,0
BRDA:1113,63,1,0
BRDA:1115,64,0,0
BRDA:1115,64,1,0
BRDA:1124,65,0,0
BRDA:1124,65,1,0
BRDA:1163,66,0,0
BRDA:1163,66,1,0
BRDA:1167,67,0,0
BRDA:1167,67,1,0
BRDA:1171,68,0,0
BRDA:1171,68,1,0
BRDA:1175,69,0,0
BRDA:1175,69,1,0
BRDA:1197,70,0,1
BRDA:1197,70,1,1
BRF:146
BRH:2
end_of_record
TN:
SF:models/Admin.js
FNF:0
FNH:0
DA:1,1
DA:2,1
DA:4,1
DA:6,1
DA:44,1
LF:5
LH:5
BRF:0
BRH:0
end_of_record
TN:
SF:models/Policy.js
FNF:0
FNH:0
DA:2,1
DA:4,1
DA:6,1
DA:43,1
DA:45,1
LF:5
LH:5
BRF:0
BRH:0
end_of_record
TN:
SF:models/Query.js
FNF:0
FNH:0
DA:3,1
DA:5,1
DA:8,1
DA:37,1
LF:4
LH:4
BRF:0
BRH:0
end_of_record
TN:
SF:models/Review.js
FNF:0
FNH:0
DA:1,1
DA:2,1
DA:4,1
DA:20,1
LF:4
LH:4
BRF:0
BRH:0
end_of_record
TN:
SF:models/User.js
FNF:0
FNH:0
DA:1,1
DA:3,1
DA:5,1
DA:7,1
DA:62,1
LF:5
LH:5
BRF:0
BRH:0
end_of_record
TN:
SF:models/employee.js
FNF:0
FNH:0
DA:1,1
DA:3,1
DA:5,1
DA:52,1
LF:4
LH:4
BRF:0
BRH:0
end_of_record
TN:
SF:models/health-application.js
FNF:0
FNH:0
DA:2,1
DA:4,1
DA:6,1
DA:33,1
LF:4
LH:4
BRF:0
BRH:0
end_of_record
TN:
SF:models/healthpolicy-details.js
FNF:0
FNH:0
DA:1,1
DA:3,1
DA:5,1
DA:55,1
LF:4
LH:4
BRF:0
BRH:0
end_of_record
TN:
SF:models/life-application.js
FNF:0
FNH:0
DA:2,1
DA:4,1
DA:6,1
DA:34,1
LF:4
LH:4
BRF:0
BRH:0
end_of_record
TN:
SF:models/lifepolicy-details.js
FNF:0
FNH:0
DA:1,1
DA:3,1
DA:5,1
DA:25,1
LF:4
LH:4
BRF:0
BRH:0
end_of_record
TN:
SF:models/passwordChange.js
FNF:0
FNH:0
DA:2,1
DA:4,1
DA:6,1
DA:24,1
LF:4
LH:4
BRF:0
BRH:0
end_of_record
TN:
SF:models/transport-application.js
FNF:0
FNH:0
DA:2,1
DA:4,1
DA:6,1
DA:40,1
LF:4
LH:4
BRF:0
BRH:0
end_of_record
TN:
SF:models/transportpolicy-details.js
FNF:0
FNH:0
DA:2,1
DA:4,1
DA:6,1
DA:28,1
LF:4
LH:4
BRF:0
BRH:0
end_of_record
TN:
SF:routes/Routes.js
FN:18,(anonymous_0)
FN:25,(anonymous_1)
FNF:2
FNH:0
FNDA:0,(anonymous_0)
FNDA:0,(anonymous_1)
DA:1,1
DA:3,1
DA:4,1
DA:5,1
DA:6,1
DA:10,1
DA:11,1
DA:12,1
DA:13,1
DA:15,1
DA:18,1
DA:19,0
DA:20,0
DA:23,1
DA:26,0
DA:36,1
DA:39,1
DA:40,1
DA:41,1
DA:42,1
DA:43,1
DA:44,1
DA:45,1
DA:46,1
DA:47,1
DA:49,1
DA:50,1
DA:51,1
DA:52,1
DA:53,1
DA:54,1
DA:55,1
DA:56,1
DA:57,1
DA:58,1
DA:59,1
DA:60,1
DA:61,1
DA:62,1
DA:63,1
DA:64,1
DA:65,1
DA:66,1
DA:67,1
DA:68,1
DA:69,1
DA:70,1
DA:71,1
DA:72,1
DA:73,1
DA:74,1
DA:76,1
DA:85,1
DA:94,1
DA:101,1
DA:102,1
DA:103,1
DA:104,1
DA:105,1
DA:106,1
DA:107,1
DA:108,1
LF:62
LH:59
BRF:0
BRH:0
end_of_record
TN:
SF:routes/adminRoutes.js
FNF:0
FNH:0
DA:1,1
DA:3,1
DA:5,1
DA:6,1
DA:7,1
DA:11,1
DA:14,1
DA:15,1
DA:16,1
DA:17,1
DA:18,1
DA:19,1
DA:20,1
DA:21,1
DA:22,1
DA:24,1
DA:26,1
DA:27,1
DA:28,1
DA:29,1
DA:31,1
DA:32,1
DA:33,1
DA:35,1
DA:36,1
DA:37,1
DA:38,1
DA:39,1
DA:40,1
DA:41,1
DA:42,1
DA:43,1
DA:44,1
DA:45,1
DA:46,1
DA:47,1
DA:48,1
DA:49,1
DA:50,1
DA:51,1
DA:52,1
DA:53,1
DA:54,1
DA:55,1
DA:56,1
DA:57,1
DA:58,1
DA:59,1
DA:60,1
DA:61,1
DA:62,1
DA:63,1
DA:64,1
DA:65,1
LF:54
LH:54
BRF:0
BRH:0
end_of_record
